3uEPJfRKS3SDoeBfzYfl/Cnt8Bo6o8y/rOyGdY57o7v2PbTw4v7PEg1JV5c9104GaXnWxRlxQzy/Y1qB2rhvpgx9XjpEeNObUwyBq0vfXcE3GdfKY5e6/wEFeFNC1bKl6vZ0HDjdWHwW8aIOu0KCopM2X05WbGmZr6zyUu9mUI4Mul27LCo0zEEM+wZDsauvy5IAWc7yNRBhRw==
WtVYFZ/MuupY15CxVZ9K3J33orDFQOTaEqPJJysPCbDS9pWw8g2aZ+f7sUstMKmjAmp1xauGpp1+UidhUjhMbufxcyJ9eROZGRvnp7uoy2EudYGL5KH6s9YfGig4XnALrFZ2n54co0SGuIPIc2w+Wr1T7+Ku4BfA9PS8JNE5pLyAJuGih1Sbd2/1m6zsu+aEIRphSQ==
zfIEuqQaym2hYEu6Z78uZvDJP2GZOrnbbWfGhOo6a8giBMDtMuqPzlH3VG4k+SPqYZ+eQZCW6dqMwBL1ZaejcMG+XRqztkBcallqW48/EceQwbu/ys71aXOSlmHW1setKgycMm8VM05lrWMl8V/Hq4PcW/1mUYGnvDVKz/4bemTA6iDXpDK2cwZIU3jufCNEy5guRnX3b0529Cc8XHBc6KkNdOAIwqHOn4Dry4exu6DUz3YYaT5hZQ==
bEeNFhZo4NjYEHI/BTTYvmXx/IBGssPlv6+Uh7nwBo5SwZzpev73dB5cFdV8OX0iGOglj8C4y4Ajqb5DC5+SJ4wfHN+2QUv3PFAqQVIWel7WoIiSqbLN3GbC+aZWXNf3MeCfmzlpbyIno2wPG3zbU4WiQ1TFe4ooMQ6pEUsl/+8iKTJjfdaYmpkfBWFQ
0hIwIhrJlF4Vg5e5Rd3nPSYtTPp9Qm02ZRz2AxcnAj67j19ZU1os5s3YKn5O+YiJTi8KpLI0gVXo0dFyZLARb9SA1/APgUqDv/f+lxDniH/CGXcn0Hg+QUY+lo7q+PwyPUpRbAqqTWaidPuHLdiLew0xE3KLS/iPjxR3g3l6dzTRQ5bYHSbdUf/NE1++UabDiQ6kyvU3EWFE
Nk+MLoHz++PlnJ+J6Qx6iSYtTPp9Qm02ZRz2AxcnAj67nldXVVUttM3YKn5O+YiJTi4KpLI0gVXo0dFyZLARb9SA1/APgUqDv/f+lxDniH/CGXcn0Hg+QUY+lo7q+PwyPUpRbAqqTWaidPuHLdiLew0xE3KLS/iPjxR3g3l6dzTRQ5bYHSbdUf/NE1++UabDiQ6kyvU3EWFE
cr3h8+vYaNdtsx+2rfyJBzYnlc5qzpKzMFUdmaeRy3BGYikCsrXQKrEqWTZVZDSVi7udnI6m7iALPK30mTCmDvIBvOlaNRb0fpz11Rx5naJ4qAWP4PhrAIPpnkPr3/KnbN9831aB63eckApBctba3nZgaJLJci1cBoIZpnYcd3eRoL+bGSkPosfjDA/7vLvTZWJjVOW7KqiRzokRK+Ufb0Jp0mMdljgaOV8lYXA=
4Adl7cTlAcmDIYhjXt99zPX2HqHT4rbsnGOVxqyMqFAFwpz6muYkfCq56jtPHxHnVqE4X4ru9UkzchYBFvbHjepsHNIvNTNuJU3jRTF/x4tDvNsdJnGBh/zVyq8+O3pEAIqgN+QStlNGqNMYLlwjZAv4rqY1129uNhSnXJxQXMhpbfQASOKh7t9ga6tHkbuAFK/2+CkeYUU=
jQZfkL0a1/wB6uUgThmA5tff5ZZHDc/yaQNpNmIJ7Ab9G3xOE1dwMn6XvfSJENbOIqEsaepTpjQuvAXVbFlN4shItQ9wWDtAc8mOQ/u/wmc8v+xfJiEbN8xwOkFCNoqehsAYElkSfZw24gmmZjyHN8EALxupyb/iF8N8Dwuc6xPVAtPUdRv6aOHumRE7BS8vkolC4+02SNrpPxVhQA==
DQOR0jfZsV5rdaSE/SYUUHT++gomq8/stu6YZZ08v5j2MLSfhJCmCAReTp8C4WNhITWEl0AVViC1C3e03rtaqBd/XjpEeNObUwyBq0vfXcE3GdfKY5e6/wEFeFNC1bKl6vZ0HDjdWHwW8aIOu0KCopM2X05WbGmZr6zyUu9mUI4Mul27LCo0zEEM+wZDsauvy5IAWc7yNRBhRw==
hQZyRImHtr0tpt5RQ+eJjQETYTZqGYQmBcskDrSt5sBTbDV0AWB+LvoRVCkygZ5UBqwN1WRJZQLwGO3PiOhjINs5BsNzDyrHZM9Un/5xYxckYDJBSiZivv6QwNLhYiU83lKBJu7ML1eZsNfb8ZmHAj/TdA8DjMNz7dILlA2rIohJnhGRs7VHj0p5+qO15rD6gS8dYUg=
a+6Ud7JOQa4ZkwFwBXW7UcYNp6B5EfUeXnQxR20sxfS6QUqTP0fRL4eYWDe69vVBIwo2KeYuh8W61Pw6n62z5rW1Q+1BJwdDk4S7dRZpgY/sreqHzuM6DFAyQN9Uijbb1lBzsF4E46zbwM7OBc9vZiZsh3RsiByAOdUU6Ph6IWZPmMsDN8l7SMSXlpAZBmFN
UTAGgVTG4n+HllO4cWX0KzE1CgWC3tkm698TG69Nv9YiYZF6m/DA0ju5OuWq82BuNBl75fmnmi6F4m7PRnf3qkbSFOgKAm0pyrS5Jw40E93ZIA0GBYx84hJN1orqI56gAaDBiwoUxntKeO+9Os9pBZxh1JN5y7BhsNumi1wKKJ9Q6wheZ9dPzN+EjCgxVGA//fpL73l1kMls6VyuNNrL19g/16bvZ60uQqpkuGLlOg83M/GD+VyISxLidU27bob1rppnqYJQ7IZ3+fMq7ZGz8cnTp29rwOuJPv2BA/RJ2tsG11rg6DbQ4zxe9pcO9AMsVnDDAKMEHrKt2+9qvgg3qCQ8/OwBUQRUEC5hqhe8Ox+/PdtkPNPGbDGSYcE=
CSOaW+ZRuAGAchHol/UX6/n3EqzKo/+kg3TMy+DT9AIH2936muYkfCq56jtPHxHnUaA4X4ru9UkzchYBFvbHjepsHNIvNTNuJU3jRTF/x4tDvNsdJnGBh/zVyq8+O3pEAIqgN+QStlNGqNMYLlwjZAv4rqY1129uNhSnXJxQXMhpbfQASOKh7t9ga6tHkbuAFK/2+CkeYUU=
apUz+fVSWTI/Up8aRy1dNx8JW2UCtbM1dgu72ukSEf3oT6O/HS9Thp1+j8bthm38IxuQY5DZHgroS8IhxUDh+6uw50Wc3cAY9BFsQDx0GOnYb4RwTssdXzvkRef/qhJogDoFvZ/WHM+RQK9DKNoGi1J1S0WBka/C0UFeZDVPf+BO73IMt1t2rhRsmx8TCMk/G8v1ZRc9f55zwzK7AUHwB1KBGoHKUtwIaEkQeFZ16hrr1qqGM5J3GsY4Yd0v6PoGfzJ4KqyedS98PnxIAQizkhOlAwvrtqgN3qa9VGED
edoAUR5zHjy20X25nA7Tfd3gmRMcw3zKK+jyDM06lBMSNh9jUjmHtZ16rMFRQtLF5w1qGBGATm5K8eSpom9PFVaM/dUUabXCoHh9TziI0+DrWRbDYy9aB5RvJB9u0TNX9IACQXrGsv6uMFBSkcLV/K5ykSb+rB+XKdBnW2H518Lv8wQP86yTMz0ymxS9S5LIeX4BkaOVt8862QojJUZgOtFPLWF4
5EbVdRK0hv7wVO6B8mBhqsbXfyBpmFXTUPuImn8AzmzREuAjBi4TY14hk4XpUrChbaqGlRM1Jtjd+Pq+HlkYCT6H+2XCFHFVmPEhMhQQ4e9EIAewX6Fag68XLtdABxj/cvnHZ+CYDkF23qbOWhhMsq2qASzaSl1mslSrx/14G/v9kWMye2uIj380B0OJ2ge0QePGGM0GzVHvrUOfbjE2QzluFArFVyFhdA==
Tl7smivu0HCxrSZYJOAIb44hQtTa/gqkQ8MNPQbwukfkapx9p4GskuPdpxYJdtgJOeYUCwGkx7doLm5vQrHD8aGlaUYBJbYQtTuXhJ5rujiX7/5qBIjz61P8oduLD/1Rt4m3mqOn2s8BNRhjgoXSNWpm1Mz4rXiMFoGC/vsSIjITpr+eFlyJqa+cEmKvtrAejCr962zaFLxB/Nt2g2ELP0sCYAkOwlUgYXc=
sdxWdG8GLNCoUhmlMGC5UN7nueuvR1N8N/Oyn7JyZTQ8fOPm+iv8KhFjXCVpjfOmgrGfnpx9KVHE+L8cwNbEbWrZDPMhrbjQsxVaNVv6zmRTPzaU3djlRTgjTXOUP9qz6m/ADV3vGhyMwfRaXEbA7P4iXx6bxGAuv8bQsBGvJ8xpK0/lufoBr0rPvfB9i1OuNWQz1xxw9+KvcQ3JeXd0BcRTC5oOAj9TI2F2
6GbdIhTYWHf1XGHiXE9SB2mcZIjGAC61y+624JZpl2aZ6ZYm7fil+gx/FjhiZTqPN7PxA/TficsSYnXNu+6Gda4aZymC0OwGd3nzqu0Rs3HJU6fva0DrCT59gYP0ydpbBldaYOi20GM83vYXDnQDrFbww4CjhB4yrVvv6r6INygkvPxsAdEE1BCuYSoXPDufv73b5DxTxuwxEmFB
lonira0E/JZ4R7jItAqPZyeNM0kxXCYf8ikeIzMe0ZOoayxcEjDjhERGoCWm+QDywpL8aE+VJo2fyqpsXx96XDlIYd3kYxFrkC/+eyYPTIX5n17ksMHIohg2ZGRyQpPWv9RkNuOGDCiVP8MEJQtD7d3KxRc2T0FIObu3pjlE/5944HN687HR0X1nUE2Is4cSqvL7Kx9hSg==
OzUF4ZAmprFLned3lzKVzr7+Ixso4bnQq5Tf3CBWpC1K2Sy5hiJYkNMVuvU7em6kcz8WVD1YhQXYI20zNL9684pvIM09b7rcrMHUmvzGoCweIj9eO0TAbp/GMPBxL8cMSStvJRl6YW+qz92wnQvz7hVkE5d88Bciz3EtCdn31MUkU2va7oKfEwNhVg==
cS3yNJnO3/f88TroBfJYDnaagLyLKEYYBE4uz8IRg9GhRSIhjsV2MLUbV2QeC/rYl8++yoQos4tTHGF7C689cbfpd3ojx5rvARVYAwJlElVqRhRseA24bBbhwl57smISE0b//pa8SYmvvNKCL9bw/owKvUvselTcQRwb1gPByx9LYqDpjqIVAGFX
IyiAUyCLRRXTXorGLt0LYLz+Iwoq973Qq5Tf3CBWpC1K2Sy/hiJYkNMVuvU7em6kcz8WVD1YhQXYI20zNL9684pvIM09b7rcrMHUmvzGoCweIj9eO0TAbp/GMPBxL8cMSStvJRl6YW+qz92wnQvz7hVkE5d88Bciz3EtCdn31MUkU2va7oKfEwNhVg==
KQpUd6nOH7K9blJxMle6K3aahqqXNUYYBE4uz8IRg9GhRSQhjsV2MLUbV2QeC/rYl8++yoQos4tTHGF7C689cbfpd3ojx5rvARVYAwJlElVqRhRseA24bBbhwl57smISE0b//pa8SYmvvNKCL9bw/owKvUvselTcQRwb1gPByx9LYqDpjqIVAGFX
FBY8hu8pJKlLiNaBajyzEnaah7yFMEYYBE4uz8IRg9GhRSchjsV2MLUbV2QeC/rYl8++yoQos4tTHGF7C689cbfpd3ojx5rvARVYAwJlElVqRhRseA24bBbhwl57smISE0b//pa8SYmvvNKCL9bw/owKvUvselTcQRwb1gPByx9LYqDpjqIVAGFX
gC+WHcw7E7QU74oy0q1EMjbFN5vMHimw3af45Ipv0WCZ58Z1+/C+6Q14NDhiZTqPN7PxA/Xeh8sSYnXNu+6Gda4aZymC0OwGd3nzqu0Rs3HJU6fva0DrCT59gYP0ydpbBldaYOi20GM83vYXDnQDrFbww4CjhB4yrVvv6r6INygkvPxsAdIE1BCuYSoXPDufv73b5DxTxuwxEmFB
gZLb0iI50LkAK/fZWIKfl+m6/0h5meK/AFBgmaBVllm1CMSdr5Ht6axFQiXJGmb1bnAImLuCV0xKiSqLL6+RVzET92/q3vV5U0LWsXZGRz2K3NziTwUzXkV9I/VRz0c7IwwbLUZBgbec5QofXov69GA6YAeEIrZjJpgTqE7so9RrSG6WVedvXlYkZ+z84Nx4Cd40MCjSod6/UKsbJyE7MHQfNshJLmF1
tovFLsRF+If2XSU88iK2+x+JG2rCv14yNTK+RunWjBtrPcifl4HQAi+iOCMZnJB1lIOsy9XuNf8LX8louLDMCGDjk4o2tGHyQaL74XMQe2hxZlWbzBMi/gu8PAOS2MzOJ9FzAr3Zk3nZe+dH+8hLwW5VgaukAXrTlv8aSPi+8Ktsdna/XrwjpEbYgygzDL76/XPvwu5Al6C0FLxEEdokHEAG4YJH9BuXr5WbTKzbZiRhOmFp
tovFLsRF+If2XSU88iK2+x+JG2rCv14yNTK+RunWjBtrPcifl4HQAi+iOCMZnJB1lIOsy9XuNf8LX8louLDMCGDjk4o2tGHyQaL74XMQe2hxZlWbzBMi/gu8PAOS2MzOJ9FzAr3Zk3nZe+dH+8hLwW5VgaukAXrTlv8aSPi+8Ktsdna/XrwjpEbYgygzDL76/XPvwu5Al6C0FLxEEdokHEAG4YJH9BuXr5WbTKzbZiRhOmFp
W7da1vVD5uYqug98FGDhQD06mtPuN67597rLVeM1pFfePi9A3KQexhu4vYDsDBVa8/XeJh7++i5VsR79TP2KVRZs5Tt898+zP0MchHoXQCH67/GOaPuDAi7f3BAyTVGAKpc8ZxR0cTyPHyBuzn4tEb0k1NR9WEWFGCMts/S/unPKb+BN/W/6XGzBFBq8xmCs3iJ/3vtEAO7fxvBwsS+HjIkrr6VZeqHvas+dMN0LM25VZFMXsfBXoo9x7YmZ95RF5FMrWq6CX5NDYRY=
SnIjj/d0hFNC5bQWSNS5GU1kh+SoUgCTvkClJA54oSeYhWpZKy+zQpHNgZlm2iLnuB/YJNhA2q/YbPxEfVu0tRKL4JrB89df+YNjMRQweScLrg2gw4E+GeMZYy2H1Lxj95IswY8R2kGp+BatD4nFb6gwYnA/HXTNahR3SmyRBhb09AuXk4BZp3tzBS1X9U/mU9siswFJ4B9y+SpJihossAjRgPDW/XqCC27aTvPaR+LmIHHVL+DqHl/KSGJsVgWanKbswIGAIwpzHfNDq36Ydf6+rVxhCw==
GXtAoVOUOrDHsoOW/rsZC9g7T3IHiNMTP7jV6OnnlCieZo3pn5jdgoANICVEF4skW73M9pJLKwfXgd6kNY//IE4v8sy3m/ZuFKwb3xNISX8bi3UlF33/3nODsvsBAXBHUsGawcoSXEhoCZA4VrVq2usWKkYzUvfaxvjhHS8oesZ/8vjqrF714nz+/IgBSDPSE+WDS+v2KE3e5j0UYUM=
1ZHdE/shibLxzQ/lz5A8ogOxLgHJrSpZb2liHqMK9xsGN+V/YSxUfvKUovGfn3yKqUqNGXTraPDDFaoVCzoeBMO/hvRtGNUlKCNdU2T/qhMa71Ctja9K/LzBxLoMBhBMbqKvvusEkA6vxsDQIW+XrNmr34VpOlGPus/N0K3LA06l5IM3oTDHAr9xHekJN4SltNObOl7C7zMTYUY=
LM587k70jT513T7kBJA7sx/n9GDWcoZW1XH1OGz24CEYokBGE16T3p866FLsJmWiXXYMUIEQQ1ozLROzK044Bb7ujcxhmw==
eCZmccZsAjK63ybW2O2fzdXklRsZ9y/QJdW9HNdz9xFBDCNNYyyUp54/6t5HAZjF7xlhO3zZHkh+3P7Q1zAVSwqM5MRZdIDGo01zVDqI0+DrWRbDYy9aB5RvJB9u0TNX9IACQXrGsv6uMFBSkcLV/K5ykSb+rB+XKdBnW2H518Lv8wQP86yTMz0ymxS9S5fJeX4BkaOVt8862QojJUZgOtFPLWF4
SpA3GaMFYtaiaU927cXxJc573qmpgKuCq7rlgutCZtm0/xcVJKeEeY6CL/sLNu33Ou/vQJZ41cOMV6WkuZEAC0rYxe99raLiuO1FsEE/w+IxM4IlEz98YroHaFG8bLsXsCNlyAB85IGeAqexMgiMHkchc/LdCdOpectn91uYi5GOJYHbRFG6gzZPmvhYbrB7DIZ2Tz5sY3TmaAOYk1x+qh0D77IOEFfwFKQ89LEMZcwg9uFyJyRbRw8lG/wMi6Z0gUphGQ==
5R9ebpzeHvv7ngZ/43FR3nEKuTqzGpe3vQw4wcj0KI0K9TvUxDDRNgd+eHInFkbk0LDXFQYjrO9rNdKtTtASR28T0Zdy65pw2D68uoyomhGQs6pgXHzvUo8V515WcOYnxy6y9a7veMmGjcO14CVtcOwezClLYNaSo/4OjpMcd2b5G2WfvfzOtVKfabBDvVU0YbkMBWl5Jpr+AVD4f6oQTlHh5lwWSOwwLmtPwidIEksOHZzBgli2XsMeD29XObbD42kRmrUgSrV90BSv+MQDHtUXoGDVWviuSguHzdZWxy0qjJyyb5UzzmUtY6Xx38crg1xbfWbRgSe8tUpP/pt65MBqIFeksrbzBshT+O78I8TLGC7GdXdvznZ0J7xc8FxoqYh1YAhCoU6fAOtLhzG7INRPdphpvmHl
HrTewUl/9MLAXvp++nSue8W7H0zdFLi9Xv1QORZ7VB/obfYVrWpD8aX6F1scroy0Zurb7+lK7pQfuNwc9hXAQwUqFf58RIG9PCtcVpULYWJJ4LbUuWvdshNllHQ/S2UjSYplw/GaL9IT+sYPpYt3WEIjQ63uKspYb2F8a8VJn4Hxl+ms9DRJNR/POVaz9U8Ypyf1y6o4txo/x08PEP2Txfn5VVXJTg2XBhHUg1Q0d9hEbHw84aTFZLB+Yfq3jPvvX+1bNFyjhlyRQmER
o3PH+0MmSgVBUuX8K46quB2iyaas4J55t5WklJYRbHO53JGiqvsB2sp9w7dTwFkt6MbRuDjA1iF/e8IEd9OG1vQ0i1eTwNnnezOF7Vc1zyZTm6LzAQlgX3I5qomK2qzwCJEAsNY9+kILrloO85rHoubg8RUvIGreX4rIImwWhVKdZmwAgcCjSnNdc4Orvhi1/v4tHGFL
iw7tCzxsEPDjc4wv9ebiXini5wE/tt2CrOyGdY19o7v2PbSfiZDJbmo3WZZ6kRsbM2zBwVhKSTS4TE6tz5daqBd/XjpEeNObUwyBq0vfXcE3GdfKY5e6/wEFeFNC1bKl6vZ0HDjdWHwW8aIOu0KCopM2X05WbGmZr6zyUu9mUI4Mul2+LSo0zEEM+wZDsauvy5IAWc7yNRBhRw==
SpA3GaMFYtaiaU927cXxJc573qmpgKuCq7rlgutCZtm0/xcVJKeEeY6CL/sLNu33Ou/vQJZ41cOMV6WkuZEAC0rYxe99raLiuO1FsEE/w+IxM4IlEz98YroHaFG8bLsXsCNlyAB85IGeAqexMgiMHkchc/LdCdOpectn91uYi5GOJYHbRFG6gzZPmvhYbrB7DIZ2Tz5sY3TmaAOYk1x+qh0D77IOEFfwFKQ89LEMZcwg9uFyJyRbRw8lG/wMi6Z0gUphGQ==
3iPgPkMoLVlxGAoVq4E1FDxodqskVyQsbwDwAQIpIm62yhIdB3sf2qTPIwY+gfKbF29cvO0rlViv6MhjSLARb9SA1/APgUqDv/f+lxDniH/CGXcn0Hg+QUY+lo7q+PwyPUpRbAqqTWaidPuHLdiLew0xE3KLS/iPjxR3g3l6dzTRQ5PZHSbdUf/NE1++UabDiQ6kyvU3EWFE
JAOhUZDJq+jcVUUSlT6v8B+JFWLG4Vs1KGXqSaavrTNRFfuwpKjQAyPjdyRcj4liiYKswtqnNfsHYYYDuL3BZn3kivklpGL3X+Gj8i0DMFxdXnii0j830T6yJwGS2MzOJ9FzAr3Zk3nZe+dH+8hLwW5VgaukAXrTlv8aSPi+8Ktsdna/XrwjpEbYgygzDL76/XPvwu5Al6C0FLxEEdwlHEAG4YJH9BuXr5WbTKzbZiRhOmFp
DzXQDH6OLGrWUcFylhXL73oP7bGF10K4WjK7pro1052khqzS+ld1S+fxBpPYDQEWXfSK6QXUokc/cSNizbNwrH1OeLLyz3dh3iKnkfJoDL4HwXMSnalTybnrZ9cbeAsxTkWBu4TxOmN2b5rYmA4w20xmdq9+zOMUJkgDuNO8/grdY+/SzrDXEFSEPNRxbOVsYBbhkmeE2yfPBRvcTGsm1EEqYXk=
8Mvmz2oV3qEj0So9XeW1ZYJUv7VhX3wE57q3Kd+erZqs1PZdbVXz4zbl5PcpeHkW6s/p/tp5y0NztBHpOGK5DLh0voWvv4pwVyeO0uQQY2PTdDFD67cNGfdBh+KDv8rHAT0Ie6L94v0qLiR0mDXoBJYJEmYbqlL60+6PZjZEmaGvlAJ6j06AVkzijVaNQoQ0wXRL7uPZ+3cLylBxLtpFKGF/
TguEo2XlizC9059WI6lHr0dA/rVMJlyXsNEjpgXrCa6v+gB2qb0RclXeQVkURYj2v2IYGixu1Xo9jpzYAZjTItN1o3trhkjdntadxGGT
lNP4Fsm4exB7lZ8Q7jViaGawjQqO7YFTZmdSYJFbHQsebcvPsbthdjFYptQK6du1dGcXY6kig6Ga5zMBNfvUtIr236NhKv902TPquXU2hdGn3Tv/BmGuAwHevCodx+lhvA==
+jkCri1V6zrXcHK3BNCKPkZA/rVMJlyXsNEjpgXrCa6v+gB2qb0RclXeQVkURYj2v2IYGixu1Xs9jpzYAZjTItN1o3trhkjdntadxGGT
1QTRPu9GQyKxVI26EVvytEVA/rVMJlyXsNEjpgXrCa6v+gB2qb0RclXeQVkURYj2v2IYGixu1Xs9jpzYAZjTItN1o3trhkjdntadxGGT
qGK8crvvPqTaDc25v+jjFURA/rVMJlyXsNEjpgXrCa6v+gB2qb0RclXeQVkURYj2v2IYGixu1Xs9jpzYAZjTItN1o3trhkjdntadxGGT
4GfzWM928VN8FL0IVjYOGkda+LVQPl2XsNEjpgXrCa6v+gB2qb0RclXeQVkURYj2v2IYGixu1Xs9jpzYAZjTItN1o3trhkjdntadxGGT
MIyds2kWeF6ikGQo7dqYbHJiZXNczpCTQ04Dmbu0CX8QedM+hXN5Bg+S0M7pRUFatbZxQRRduJ5fSkjibNYFE50m7ECBACOKc53zw6v+mPX+Pq3cYYs=
thR8V/jvrrF0i9ewPnFkmR+pNCenqvwhVAeTzeJzfXOwzAzl7dVCq1E7f47lERxrpZmTl2J0vJr5u3cm+US/HzzhM/ozsRFRvWeQzcizx5Lq8jur32GK
kClq46SxiucCSVlND6/16SibhLkEOrTSoCx2FHrJy7VkhycjeYLzIQqHg8Fl2yS0+tYP49HKb/Qpk7p5RVaV0bf9y79WgR6DkX7M6s2n2WGM
RmhBWssBGH7U2VguHzrDmCkutuNg5WtiRS9BGn+O6NIJGXmGxWrJ3ZTBAEIvlnC+jMo9D+061BxBXJsWAwFLX0uiICmO4pXAYZc=
rejMNBSUnvsGsA3FhnR5OUZa+LVQPl2XsNEjpgXrCa6v+gB2qb0RclXeQVkURYj2v2IYGixu1Xs9jpzYAZjTItN1o3trhkjdntadxGGT
vC0SxUJKUvebzSaXDAvo3UVa+LVQPl2XsNEjpgXrCa6v+gB2qb0RclXeQVkURYj2v2IYGixu1Xs9jpzYAZjTItN1o3trhkjdntadxGGT
/ykDKm3aF2HVK/sS2dCXqCgutuNg5WtiRS9BGn+O6NIJGXmGxWrJ3ZTBAEIvlnC+jMo9D+061BxBXJsWAwFLX0uiICmO4pXAYZc=
z1907D2NSj/xV6b/oPP0MnPZeJbbBS65372s6opvlXOXycYrqLXhri1MClF1bEL/T8njWr2LkJQNdniKgveXWa4aZymC0OwGd3nzqu0Rs3HJU6fva0DrCT59gYP0ydpbBldaYOi20GM83vYXDnQDrFbww4CjhB4yrVvv6r6INygkvPxsAdUF1BCuYSoXPDufv73b5DxTxuwxEmFB
33o5cJcv8GcXVUVpt8SecNZ7DjVTndQIO6XVrKzojmGdaYvf1tmcy9lEASoqc5FCKsWz/5MIaVXI3sGwOMjGOV8D8sy3m/ZuFKwb3xNISX8bi3UlF33/3nODsvsBAXBHUsGawcoSXEhoCZA4VrVq2usWKkYzUvfaxvjhHS8oesZ/8vjqrF71633+/IgBSDPSE+WDS+v2KE3e5j0UYUM=
3dL6mqoVaNn13BTVJpxiBZo/JvjD55YCej+7RR8pJixXcNjh2nlqrn56ar3v64daPF+LZoZxOttfv4SchRttWNfYIEMQ4NmvnPBvEKcR0gMnZ5Y36FfAPwrJL0f4iAZBfs6+7rIoNHJ1+qnMYjrV5jrkU2eVqMO7xWFLUmN7gI93JB+joao/dBmzKrm1tkXRZ137/8bhbgPBXnwq3UcpYXw=
8P62/9Z1BhroOasKZ+0Os1ML5pazzAFj1bE3WQgsaQzmGeQFVF5ABlRF0Ze5ugIjtZ64DQQrYcO6ZLtnU5hppJ67rpxnXyKM0egZbWzjmRsoz1Yrfs+0tZG/RvS4wcCyABYMVIqCy4YXNNxGawaEmO2fK9R9S3sd9ardBz5PSVghW5/WAYQnzxRBi8p7MVkhxQf4nVDz/yJC0uM7F2FC
cLzUjBb0sIDQjnq5PgBnjXwBj4UvqywsFjpcFGXdrdQMGniNqC7YypPSC1IvlnC+jMo9D+061BxBXJsWAwFLX0uiICmO4pXAYZc=
cl/oaEVBEC/N4KL79+qoBHwBj4UvqywsFj5eGmXdrdQMGniNqC7YypPSC1IvlnC+jMo9D+061BxBXJsWAwFLX0uiICmO4pXAYZc=
j9AuBmhRxal5O2syqx9DCNXklRsZ9y/QJdW9HNdz9xFBDCNNYyyUp54/6t5HAZjF7xlhO3zZHkh+3P7Q1zAVSwqM5MRZdIDGo01zVDqI0+DrWRbDYy9aB5RvJB9u0TNX9IACQXrGsv6uMFBSkcLV/K5ykSb+rB+XKdBnW2H518Lv8wQP86yTMz0ymxS9S5bJeX4BkaOVt8862QojJUZgOtFPLWF4
4efQz/y6i2v5Qiqsbp6p8A4aZImIiaTVZfZMfkXYngt/HNd9NX+h+yz7J8ZpxA9/zKEDGkOxIXFNJyBtuDNXMjqy64vPYZo=
Zz3VoLj2xiTgCaINezBtSjnPf4zACim6nKDp/asmlH6Rw8YrqLXhri1MClF1bEL/T8njWr2LkJQNdniKgveXWa4aZymC0OwGd3nzqu0Rs3HJU6fva0DrCT59gYP0ydpbBldaYOi20GM83vYXDnQDrFbww4CjhB4yrVvv6r6INygkvPxsAdUF1BCuYSoXPDufv73b5DxTxuwxEmFB
2L76E4gJbdmbJSUGBnerBFyDz+w5UQSmp3OwIRRPOzPsR+YvvZhQO0/rulFtd7HS0ZsP9jEEd69kAZtqyzGpwdXHSL0Ac49C0pLTm8dhkg==
ebz+W9oyG83oIBHGGz1IR5GZkOiUPTy5jdwi6iax6dCxFjxXj0AfVwZv2cqNnJLvcj1Ae/zeHWbtyG/ZErfd5KEWEAxp+suzke3XQ0lax7QBY4IZjYYNUS8tg5+usXZDee5UCgXX4WG0
fUf2k2HBUBFLi95uwYjgDpYmR3lzynuSZWBhRovtQzGX6Fjhk0gCXhfFqZyG0lZrNzlDDa8L7EwW3h665X3t9Ax6OG0oThjqk/LLMq92MN6M6n2vbZqU/EE8W7aDoYt/S0LgSQ4C1eBhtw==
nfXrkwYcqsuzhsoOhDhXcSN+3NI6shAlQ2xqahfxwbhWFh4fl83LiT+vBPhW6vae9XnlACwOcKn46nBeE0ajln+yeKqsHnWrfb58yAGIsxITJQOL6zaojd4mvdRhgw==
QTooR07HnfceVfZogoK9Yen34szLQb3P2JNoGbNQElYXzbmEpipmI3fxs7XPk3zEllaOIgXFnbzMsggVCFYI4pP62yqPDgAWTKINF40CBHTBtMsu4xl7twsK0LEuGsXoYb8=
dLWkq2zOgrWMife5qmigYcDEzen6c5zV75NoGbNQElYXzbmEpipmI3fxs7XPk3zEllaOIgXFnbzMsggVCFYI4pP62yqPDgAWTKINF40CBHTBtMsu4xl7twsK0LEuGsXoYb8=
wNXo4aAWAeGo2goLENQfBAJ+pfhRQa4DnK/L6u7ol089Ai6g6q3nYycjVwngWjY0KsStrzFSfMC847AstBxTuJ/sR0RM2JzwWcFVWFiqIZavCAszF5n7OKSH1iC51mG9
6W5iMHZtRV7uctrVNpXrGR+JG2rCv14yNTK+RunWjBtrPcifl4HQAi+iOCMZnJB1lIOsy9XuNf8LX8louLDMCGDjk4o2tGHyQaL74XMQe2hxZlWbzBMi/gu8PAOS2MzOJ9FzAr3Zk3nZe+dH+8hLwW5VgaukAXrTlv8aSPi+8Ktsdna/XrwjpEbYgygzDL76/XPvwu5Al6C0FLxEEd0lHEAG4YJH9BuXr5WbTKzbZiRhOmFp
zKauRmMDlkQbIQaE+TC+klyDz+05UQSmp3OwIRRPOzPsR+YvvZhQO0/rulFtd7HS0ZsP9jEEd69kAZtqyzGpwdXHSL0Ac49C0pLTm8dhkg==
OovB3UhwGd/4ZcHgvCAsRIaz72uldUfwtbBJ8foStx5ApPrEmjFPg88H3/DyLH65Y/MfM5DjojTeMbcs+v1HIbnfvu4SR787jMskANVqYmH/xFucbgyK6XzDRCMf2Ge3mIBm7fcJ/I3b5n2Yw7lOUQOR/XFFDKxr11qcuQ/pagmJ8Ab1T1FV58j4kkg/JYQFCpznkizJFh7UvLtvE/jpb1t7FfWXrd9us5NSiwFxkFeScboRSsI8uCgZMIhWBcrKK2bKFrMC12qG6IHtL9ga1j9C2LosDhWbve5cOAH4k8JTFeObayYI/R723WRhMw==
PNRWexioWKk3K0hecXw+uZLXMJHT68Xs3AbJP96BRj7rbVRSCknGnoEeNTJzcO7wMtSN0rS/7TfnFXbPGp3eJCSSzrmXRp4opEahdYnEzJOj4QWWpySc6HzW0o9LESokF+xkf3JiCF9p/xlDOsjcjxZnCN2HIv5jxe4ovxr8tBWHrFynyuuCrFcwqd+G4mimOx1LlKJ4qwBDad5Dq1+yp6xfvN8WAat33BDKQbJWmt424CiSCfLtXEYCWaY2nLd3USD/m1mpT6IHY8wPuzz706Xio1QlO26p0U5JEetl328C6ZJj3Rb4GvnfZWEw
D+HbhD9Zn/7v4htNiC2Pt7cQFw2Q0KadCwG4mr+WicxhvyQmMiIwm1Ez6TfeSuvKcUOP/TXhN5O0I4hBDTkW6VtsNZXLfLMrW0Y9uMOZDvGDMbZUQmzsi1c63FkPiarpCZDGFU9xlUdIWFJoPwVEpYo8J7IsKdZ+VFx7DxMYqQ/bm1WVl42fzjMzEqsBUdD3EtH6MUqifFioeXBoVmUKKqsGCvazIhfKBkhBzS/42na/4hiaLO7V+D0OnFgBGNOi0/Wj+2sGSF2eVp1EYRM=
Xt4Yqv6jhz3ab0m90n8v0n5x2AdY1YmoInzBn8SUzyHTyl2mA1jxjZ6m0/YDoQXrvqXr0T/B6ScSYyVK9g3odbEvB/2OQT/rmUHHfIVWqj4t/ww2mP/2ctwzLLgCkOJqTG+VrXRcSdC6j6xeFid3wwdCMPvc9whS1y1ZHqAbm1L2X4RAKm0ZEMJXVFfc1AmMdx9Y3jbeZSFVZLxEtXhdVcCjdWPs3/LjYi/IvTUPQqxUwSzqBKaoXPZi106zJBg+h0YooKkPTxzha0eVEdpZXxLPZYClq/tePaS7h/PRT/LX8TXZgRdc1UyTAyrmYufje2Eu
MvO0eTz7TK47GCPkdcaUyX5x2AdY1YmoInzBn8SUzyHTyl2mA1jxjZ6m0/YDoQXrvqXr0T/B6ScVYSVK9g3odbEvBv2OQT/rmUHHfIVWqj4t/ww2mP/2ctwzLLgCkOJqTG+VrXRcSdC6j6xeFid3wwdCMPvc9whS1y1ZHqAbm1L2X4RAKm0ZEMJXVFfc1AmMdx9Y3jbeZSFVZLxEtXhdVcCjdWPs3/LjYi/IvTUPQqxUwSzqBKaoXPZi106zJBg+h0YooKkPTxzha0eVEdpZXxLPZYClq/tePaS7h/PRT/LX8TXZgRdc1UyTAyrmYufje2Eu
914gcLUo7vDbCC5j7Qzzkn5x2AdY1YmoInzBn8SUzyHTyl2mA1jxjZ6m0/YDoQXrvqXr0T/B6ScSYyVK9g3odbEvCf2OQT/rmUHHfIVWqj4t/ww2mP/2ctwzLLgCkOJqTG+VrXRcSdC6j6xeFid3wwdCMPvc9whS1y1ZHqAbm1L2X4RAKm0ZEMJXVFfc1AmMdx9Y3jbeZSFVZLxEtXhdVcCjdWPs3/LjYi/IvTUPQqxUwSzqBKaoXPZi106zJBg+h0YooKkPTxzha0eVEdpZXxLPZYClq/tePaS7h/PRT/LX8TXZgRdc1UyTAyrmYufje2Eu
N3qBMKV43qtVZzeJ51ztAX5x2AdY1YmoInzBn8SUzyHTyl2mA1jxjZ6m0/YDoQXrvqXr0T/B6ScVYSVK9g3odbEvCP2OQT/rmUHHfIVWqj4t/ww2mP/2ctwzLLgCkOJqTG+VrXRcSdC6j6xeFid3wwdCMPvc9whS1y1ZHqAbm1L2X4RAKm0ZEMJXVFfc1AmMdx9Y3jbeZSFVZLxEtXhdVcCjdWPs3/LjYi/IvTUPQqxUwSzqBKaoXPZi106zJBg+h0YooKkPTxzha0eVEdpZXxLPZYClq/tePaS7h/PRT/LX8TXZgRdc1UyTAyrmYufje2Eu
SuDoEhLVlCL6hDVWVR1wPH5x2AdY1YmoInzBn8SUzyHTyl2mA1jxjZ6m0/YDoQXrvqXr0T/B6ScSYyVK9g3odbEvC/2OQT/rmUHHfIVWqj4t/ww2mP/2ctwzLLgCkOJqTG+VrXRcSdC6j6xeFid3wwdCMPvc9whS1y1ZHqAbm1L2X4RAKm0ZEMJXVFfc1AmMdx9Y3jbeZSFVZLxEtXhdVcCjdWPs3/LjYi/IvTUPQqxUwSzqBKaoXPZi106zJBg+h0YooKkPTxzha0eVEdpZXxLPZYClq/tePaS7h/PRT/LX8TXZgRdc1UyTAyrmYufje2Eu
j//GFmFfaqcXCsiReT6kmn5x2AdY1YmoInzBn8SUzyHTyl2mA1jxjZ6m0/YDoQXrvqXr0T/B6ScVYSVK9g3odbEvCv2OQT/rmUHHfIVWqj4t/ww2mP/2ctwzLLgCkOJqTG+VrXRcSdC6j6xeFid3wwdCMPvc9whS1y1ZHqAbm1L2X4RAKm0ZEMJXVFfc1AmMdx9Y3jbeZSFVZLxEtXhdVcCjdWPs3/LjYi/IvTUPQqxUwSzqBKaoXPZi106zJBg+h0YooKkPTxzha0eVEdpZXxLPZYClq/tePaS7h/PRT/LX8TXZgRdc1UyTAyrmYufje2Eu
l2D05ilJDhzG+njcY5C/q35x2AdY1YmoInzBn8SUzyHTyl2mA1jxjZ6m0/YDoQXrvqXr0T/B6ScSYyVK9g3odbEvDf2OQT/rmUHHfIVWqj4t/ww2mP/2ctwzLLgCkOJqTG+VrXRcSdC6j6xeFid3wwdCMPvc9whS1y1ZHqAbm1L2X4RAKm0ZEMJXVFfc1AmMdx9Y3jbeZSFVZLxEtXhdVcCjdWPs3/LjYi/IvTUPQqxUwSzqBKaoXPZi106zJBg+h0YooKkPTxzha0eVEdpZXxLPZYClq/tePaS7h/PRT/LX8TXZgRdc1UyTAyrmYufje2Eu
vIB9khHYrKL7crUXV4wzOH5x2AdY1YmoInzBn8SUzyHTyl2mA1jxjZ6m0/YDoQXrvqXr0T/B6ScVYSVK9g3odbEvDP2OQT/rmUHHfIVWqj4t/ww2mP/2ctwzLLgCkOJqTG+VrXRcSdC6j6xeFid3wwdCMPvc9whS1y1ZHqAbm1L2X4RAKm0ZEMJXVFfc1AmMdx9Y3jbeZSFVZLxEtXhdVcCjdWPs3/LjYi/IvTUPQqxUwSzqBKaoXPZi106zJBg+h0YooKkPTxzha0eVEdpZXxLPZYClq/tePaS7h/PRT/LX8TXZgRdc1UyTAyrmYufje2Eu
ewDeyUbILA6y9dcpcOVrX35x2AdY1YmoInzBn8SUzyHTyl2mA1jxjZ6m0/YDoQXrvqXr0T/B6ScSYyVK9g3odbEvD/2OQT/rmUHHfIVWqj4t/ww2mP/2ctwzLLgCkOJqTG+VrXRcSdC6j6xeFid3wwdCMPvc9whS1y1ZHqAbm1L2X4RAKm0ZEMJXVFfc1AmMdx9Y3jbeZSFVZLxEtXhdVcCjdWPs3/LjYi/IvTUPQqxUwSzqBKaoXPZi106zJBg+h0YooKkPTxzha0eVEdpZXxLPZYClq/tePaS7h/PRT/LX8TXZgRdc1UyTAyrmYufje2Eu
ATE2Mls1gf49Ijek5rXgCn5x2AdY1YmoInzBn8SUzyHTyl2mA1jxjZ6m0/YDoQXrvqXr0T/B6ScVYSVK9g3odbEvDv2OQT/rmUHHfIVWqj4t/ww2mP/2ctwzLLgCkOJqTG+VrXRcSdC6j6xeFid3wwdCMPvc9whS1y1ZHqAbm1L2X4RAKm0ZEMJXVFfc1AmMdx9Y3jbeZSFVZLxEtXhdVcCjdWPs3/LjYi/IvTUPQqxUwSzqBKaoXPZi106zJBg+h0YooKkPTxzha0eVEdpZXxLPZYClq/tePaS7h/PRT/LX8TXZgRdc1UyTAyrmYufje2Eu
Lmf8fPZyBxNB0BYkQeX/2X5x2AdY1YmoInzBn8SUzyHTyl2mA1jxjZ6m0/YDoQXrvqXr0T/B6ScSYyVK9g3odbEvB/yOQT/rmUHHfIVWqj4t/ww2mP/2ctwzLLgCkOJqTG+VrXRcSdC6j6xeFid3wwdCMPvc9whS1y1ZHqAbm1L2X4RAKm0ZEMJXVFfc1AmMdx9Y3jbeZSFVZLxEtXhdVcCjdWPs3/LjYi/IvTUPQqxUwSzqBKaoXPZi106zJBg+h0YooKkPTxzha0eVEdpZXxLPZYClq/tePaS7h/PRT/LX8TXZgRdc1UyTAyrmYufje2Eu
kLYDvYxJ2Okx27yoxwJfiX5x2AdY1YmoInzBn8SUzyHTyl2mA1jxjZ6m0/YDoQXrvqXr0T/B6ScVYSVK9g3odbEvBvyOQT/rmUHHfIVWqj4t/ww2mP/2ctwzLLgCkOJqTG+VrXRcSdC6j6xeFid3wwdCMPvc9whS1y1ZHqAbm1L2X4RAKm0ZEMJXVFfc1AmMdx9Y3jbeZSFVZLxEtXhdVcCjdWPs3/LjYi/IvTUPQqxUwSzqBKaoXPZi106zJBg+h0YooKkPTxzha0eVEdpZXxLPZYClq/tePaS7h/PRT/LX8TXZgRdc1UyTAyrmYufje2Eu
GmVuLz8N7wQeLAnZUMBztn5x2AdY1YmoInzBn8SUzyHTyl2mA1jxjZ6m0/YDoQXrvqXr0T/B6ScSYyVK9g3odbEvCfyOQT/rmUHHfIVWqj4t/ww2mP/2ctwzLLgCkOJqTG+VrXRcSdC6j6xeFid3wwdCMPvc9whS1y1ZHqAbm1L2X4RAKm0ZEMJXVFfc1AmMdx9Y3jbeZSFVZLxEtXhdVcCjdWPs3/LjYi/IvTUPQqxUwSzqBKaoXPZi106zJBg+h0YooKkPTxzha0eVEdpZXxLPZYClq/tePaS7h/PRT/LX8TXZgRdc1UyTAyrmYufje2Eu
TfUYAe/IyzU8+bu70olYVX5x2AdY1YmoInzBn8SUzyHTyl2mA1jxjZ6m0/YDoQXrvqXr0T/B6ScVYSVK9g3odbEvCPyOQT/rmUHHfIVWqj4t/ww2mP/2ctwzLLgCkOJqTG+VrXRcSdC6j6xeFid3wwdCMPvc9whS1y1ZHqAbm1L2X4RAKm0ZEMJXVFfc1AmMdx9Y3jbeZSFVZLxEtXhdVcCjdWPs3/LjYi/IvTUPQqxUwSzqBKaoXPZi106zJBg+h0YooKkPTxzha0eVEdpZXxLPZYClq/tePaS7h/PRT/LX8TXZgRdc1UyTAyrmYufje2Eu
Pd1YuNrW5KJ/lV44TWzmWH5x2AdY1YmoInzBn8SUzyHTyl2mA1jxjZ6m0/YDoQXrvqXr0T/B6ScSYyVK9g3odbEvC/yOQT/rmUHHfIVWqj4t/ww2mP/2ctwzLLgCkOJqTG+VrXRcSdC6j6xeFid3wwdCMPvc9whS1y1ZHqAbm1L2X4RAKm0ZEMJXVFfc1AmMdx9Y3jbeZSFVZLxEtXhdVcCjdWPs3/LjYi/IvTUPQqxUwSzqBKaoXPZi106zJBg+h0YooKkPTxzha0eVEdpZXxLPZYClq/tePaS7h/PRT/LX8TXZgRdc1UyTAyrmYufje2Eu
a2feD+HMs8A0CJI6Ely5VH5x2AdY1YmoInzBn8SUzyHTyl2mA1jxjZ6m0/YDoQXrvqXr0T/B6ScVYSVK9g3odbEvCvyOQT/rmUHHfIVWqj4t/ww2mP/2ctwzLLgCkOJqTG+VrXRcSdC6j6xeFid3wwdCMPvc9whS1y1ZHqAbm1L2X4RAKm0ZEMJXVFfc1AmMdx9Y3jbeZSFVZLxEtXhdVcCjdWPs3/LjYi/IvTUPQqxUwSzqBKaoXPZi106zJBg+h0YooKkPTxzha0eVEdpZXxLPZYClq/tePaS7h/PRT/LX8TXZgRdc1UyTAyrmYufje2Eu
6lyigTbbAdb36Tiq+Gl0kn5x2AdY1YmoInzBn8SUzyHTyl2mA1jxjZ6m0/YDoQXrvqXr0T/B6ScSYyVK9g3odbEvDfyOQT/rmUHHfIVWqj4t/ww2mP/2ctwzLLgCkOJqTG+VrXRcSdC6j6xeFid3wwdCMPvc9whS1y1ZHqAbm1L2X4RAKm0ZEMJXVFfc1AmMdx9Y3jbeZSFVZLxEtXhdVcCjdWPs3/LjYi/IvTUPQqxUwSzqBKaoXPZi106zJBg+h0YooKkPTxzha0eVEdpZXxLPZYClq/tePaS7h/PRT/LX8TXZgRdc1UyTAyrmYufje2Eu
EhEuvB5ZPqrmItB31zI+En5x2AdY1YmoInzBn8SUzyHTyl2mA1jxjZ6m0/YDoQXrvqXr0T/B6ScVYSVK9g3odbEvDPyOQT/rmUHHfIVWqj4t/ww2mP/2ctwzLLgCkOJqTG+VrXRcSdC6j6xeFid3wwdCMPvc9whS1y1ZHqAbm1L2X4RAKm0ZEMJXVFfc1AmMdx9Y3jbeZSFVZLxEtXhdVcCjdWPs3/LjYi/IvTUPQqxUwSzqBKaoXPZi106zJBg+h0YooKkPTxzha0eVEdpZXxLPZYClq/tePaS7h/PRT/LX8TXZgRdc1UyTAyrmYufje2Eu
zz32poJKPKHXSVhslq35qX5x2AdY1YmoInzBn8SUzyHTyl2mA1jxjZ6m0/YDoQXrvqXr0T/B6ScSYyVK9g3odbEvD/yOQT/rmUHHfIVWqj4t/ww2mP/2ctwzLLgCkOJqTG+VrXRcSdC6j6xeFid3wwdCMPvc9whS1y1ZHqAbm1L2X4RAKm0ZEMJXVFfc1AmMdx9Y3jbeZSFVZLxEtXhdVcCjdWPs3/LjYi/IvTUPQqxUwSzqBKaoXPZi106zJBg+h0YooKkPTxzha0eVEdpZXxLPZYClq/tePaS7h/PRT/LX8TXZgRdc1UyTAyrmYufje2Eu
FozuJFKcYEc0gJIcxZQKMn5x2AdY1YmoInzBn8SUzyHTyl2mA1jxjZ6m0/YDoQXrvqXr0T/B6ScVYSVK9g3odbEvDvyOQT/rmUHHfIVWqj4t/ww2mP/2ctwzLLgCkOJqTG+VrXRcSdC6j6xeFid3wwdCMPvc9whS1y1ZHqAbm1L2X4RAKm0ZEMJXVFfc1AmMdx9Y3jbeZSFVZLxEtXhdVcCjdWPs3/LjYi/IvTUPQqxUwSzqBKaoXPZi106zJBg+h0YooKkPTxzha0eVEdpZXxLPZYClq/tePaS7h/PRT/LX8TXZgRdc1UyTAyrmYufje2Eu
/wyUpA8LR6LccS3TF4PjT5L/7kaYUQi9FaVm8ekTASWZZ4f3iVfN/zVXQthy2/teUXmESmalqwN9m4ThyIC5eH2MSl+/lLlvkRDr35HLw1S5b/CHLgzetUtDaTDhxCjqFKA9btkWMnEYNLNz+/FaEZwblIufcDfv+PgWhbehTDV7Pq1ww1GeiaMpTdkFZNwTtwLMEY9ButFpCPYdj/nlX2igwiA/TdRdqiRXOuwh5uY0ZGvHk1C5NzsDZZ3XBW/WE0uCYwGZQI8yyQq5CqpMwEhBYCDWrRoSy546/nOqZ9ImsNGFL7BKjp/6aBLs5uVgXTaMkIFQw5ozbZPzK464Rb4uDYxh2w==
12q0aiKvxSDaENrFNjYYr35x2AdY1YmoInzBn8SUzyHTyl2mA1jxjZ6m0/YDoQXrvqXr0T/B6ScVYSVK9g3odbEvB/OOQT/rmUHHfIVWqj4t/ww2mP/2ctwzLLgCkOJqTG+VrXRcSdC6j6xeFid3wwdCMPvc9whS1y1ZHqAbm1L2X4RAKm0ZEMJXVFfc1AmMdx9Y3jbeZSFVZLxEtXhdVcCjdWPs3/LjYi/IvTUPQqxUwSzqBKaoXPZi106zJBg+h0YooKkPTxzha0eVEdpZXxLPZYClq/tePaS7h/PRT/LX8TXZgRdc1UyTAyrmYufje2Eu
s7l8+Bsjp5cRelYxIHnAlejpF81uHFJyv5hYRHXiWpT8vbL7BdqGp+0GY73EsZ262T1vr3RtJv7FF/5UzOKmmtYqlGPinh7VQnuazxtOxdAvzCawGVyZqI7LoLIH0Us/lju0DZCZv67rNSAeggcnT6D/s8hJgsOvYnNb77k79epQ+V/UCMNvX6bLcS4i319XSdXgFmaS/3PoZ5IiYxjcb6pMnPLvVTMO5W1jZXGfx2sDnFs95hGB5zz1So9+23qkQKogFyRytjOGiFM4brwjhEvYLob1t28O9jQnfNywXCgpSnUgiIKhjh9A64sHcbtgVI922Ol+YSU=
/wyUpA8LR6LccS3TF4PjT5L/7kaYUQi9FaVm8ekTASWZZ4f3iVfN/zVXQthy2/teUXmESmalqwN9m4ThyIC5eH2MSl+/lLlvkRDr35HLw1S5b/CHLgzetUtDaTDhxCjqFKA9btkWMnEYNLNz+/FaEZwblIufcDfv+PgWhbehTDV7Pq1ww1GeiaMpTdkFZNwTtwLMEY9ButFpCPYdj/nlX2igwiA/TdRdqiRXOuwh5uY0ZGvHk1C5NzsDZZ3XBW/WE0uCYwGZQI8yyQq5CqpMwEhBYCDWrRoSy546/nOqZ9ImsNGFL7BKjp/6aBLs5uVgXTaMkIFQw5ozbZPzK464Rb4uDYxh2w==
s7l8+Bsjp5cRelYxIHnAlejpF81uHFJyv5hYRHXiWpT8vbL7BdqGp+0GY73EsZ262T1vr3RtJv7FF/5UzOKmmtYqlGPinh7VQnuazxtOxdAvzCawGVyZqI7LoLIH0Us/lju0DZCZv67rNSAeggcnT6D/s8hJgsOvYnNb77k79epQ+V/UCMNvX6bLcS4i319XSdXgFmaS/3PoZ5IiYxjcb6pMnPLvVTMO5W1jZXGfx2sDnFs95hGB5zz1So9+23qkQKogFyRytjOGiFM4brwjhEvYLob1t28O9jQnfNywXCgpSnUgiIKhjh9A64sHcbtgVI922Ol+YSU=
/wyUpA8LR6LccS3TF4PjT5L/7kaYUQi9FaVm8ekTASWZZ4f3iVfN/zVXQthy2/teUXmESmalqwN9m4ThyIC5eH2MSl+/lLlvkRDr35HLw1S5b/CHLgzetUtDaTDhxCjqFKA9btkWMnEYNLNz+/FaEZwblIufcDfv+PgWhbehTDV7Pq1ww1GeiaMpTdkFZNwTtwLMEY9ButFpCPYdj/nlX2igwiA/TdRdqiRXOuwh5uY0ZGvHk1C5NzsDZZ3XBW/WE0uCYwGZQI8yyQq5CqpMwEhBYCDWrRoSy546/nOqZ9ImsNGFL7BKjp/6aBLs5uVgXTaMkIFQw5ozbZPzK464Rb4uDYxh2w==
s7l8+Bsjp5cRelYxIHnAlejpF81uHFJyv5hYRHXiWpT8vbL7BdqGp+0GY73EsZ262T1vr3RtJv7FF/5UzOKmmtYqlGPinh7VQnuazxtOxdAvzCawGVyZqI7LoLIH0Us/lju0DZCZv67rNSAeggcnT6D/s8hJgsOvYnNb77k79epQ+V/UCMNvX6bLcS4i319XSdXgFmaS/3PoZ5IiYxjcb6pMnPLvVTMO5W1jZXGfx2sDnFs95hGB5zz1So9+23qkQKogFyRytjOGiFM4brwjhEvYLob1t28O9jQnfNywXCgpSnUgiIKhjh9A64sHcbtgVI922Ol+YSU=
/wyUpA8LR6LccS3TF4PjT5L/7kaYUQi9FaVm8ekTASWZZ4f3iVfN/zVXQthy2/teUXmESmalqwN9m4ThyIC5eH2MSl+/lLlvkRDr35HLw1S5b/CHLgzetUtDaTDhxCjqFKA9btkWMnEYNLNz+/FaEZwblIufcDfv+PgWhbehTDV7Pq1ww1GeiaMpTdkFZNwTtwLMEY9ButFpCPYdj/nlX2igwiA/TdRdqiRXOuwh5uY0ZGvHk1C5NzsDZZ3XBW/WE0uCYwGZQI8yyQq5CqpMwEhBYCDWrRoSy546/nOqZ9ImsNGFL7BKjp/6aBLs5uVgXTaMkIFQw5ozbZPzK464Rb4uDYxh2w==
s7l8+Bsjp5cRelYxIHnAlejpF81uHFJyv5hYRHXiWpT8vbL7BdqGp+0GY73EsZ262T1vr3RtJv7FF/5UzOKmmtYqlGPinh7VQnuazxtOxdAvzCawGVyZqI7LoLIH0Us/lju0DZCZv67rNSAeggcnT6D/s8hJgsOvYnNb77k79epQ+V/UCMNvX6bLcS4i319XSdXgFmaS/3PoZ5IiYxjcb6pMnPLvVTMO5W1jZXGfx2sDnFs95hGB5zz1So9+23qkQKogFyRytjOGiFM4brwjhEvYLob1t28O9jQnfNywXCgpSnUgiIKhjh9A64sHcbtgVI922Ol+YSU=
/wyUpA8LR6LccS3TF4PjT5L/7kaYUQi9FaVm8ekTASWZZ4f3iVfN/zVXQthy2/teUXmESmalqwN9m4ThyIC5eH2MSl+/lLlvkRDr35HLw1S5b/CHLgzetUtDaTDhxCjqFKA9btkWMnEYNLNz+/FaEZwblIufcDfv+PgWhbehTDV7Pq1ww1GeiaMpTdkFZNwTtwLMEY9ButFpCPYdj/nlX2igwiA/TdRdqiRXOuwh5uY0ZGvHk1C5NzsDZZ3XBW/WE0uCYwGZQI8yyQq5CqpMwEhBYCDWrRoSy546/nOqZ9ImsNGFL7BKjp/6aBLs5uVgXTaMkIFQw5ozbZPzK464Rb4uDYxh2w==
s7l8+Bsjp5cRelYxIHnAlejpF81uHFJyv5hYRHXiWpT8vbL7BdqGp+0GY73EsZ262T1vr3RtJv7FF/5UzOKmmtYqlGPinh7VQnuazxtOxdAvzCawGVyZqI7LoLIH0Us/lju0DZCZv67rNSAeggcnT6D/s8hJgsOvYnNb77k79epQ+V/UCMNvX6bLcS4i319XSdXgFmaS/3PoZ5IiYxjcb6pMnPLvVTMO5W1jZXGfx2sDnFs95hGB5zz1So9+23qkQKogFyRytjOGiFM4brwjhEvYLob1t28O9jQnfNywXCgpSnUgiIKhjh9A64sHcbtgVI922Ol+YSU=
/wyUpA8LR6LccS3TF4PjT5L/7kaYUQi9FaVm8ekTASWZZ4f3iVfN/zVXQthy2/teUXmESmalqwN9m4ThyIC5eH2MSl+/lLlvkRDr35HLw1S5b/CHLgzetUtDaTDhxCjqFKA9btkWMnEYNLNz+/FaEZwblIufcDfv+PgWhbehTDV7Pq1ww1GeiaMpTdkFZNwTtwLMEY9ButFpCPYdj/nlX2igwiA/TdRdqiRXOuwh5uY0ZGvHk1C5NzsDZZ3XBW/WE0uCYwGZQI8yyQq5CqpMwEhBYCDWrRoSy546/nOqZ9ImsNGFL7BKjp/6aBLs5uVgXTaMkIFQw5ozbZPzK464Rb4uDYxh2w==
s7l8+Bsjp5cRelYxIHnAlejpF81uHFJyv5hYRHXiWpT8vbL7BdqGp+0GY73EsZ262T1vr3RtJv7FF/5UzOKmmtYqlGPinh7VQnuazxtOxdAvzCawGVyZqI7LoLIH0Us/lju0DZCZv67rNSAeggcnT6D/s8hJgsOvYnNb77k79epQ+V/UCMNvX6bLcS4i319XSdXgFmaS/3PoZ5IiYxjcb6pMnPLvVTMO5W1jZXGfx2sDnFs95hGB5zz1So9+23qkQKogFyRytjOGiFM4brwjhEvYLob1t28O9jQnfNywXCgpSnUgiIKhjh9A64sHcbtgVI922Ol+YSU=
/wyUpA8LR6LccS3TF4PjT5L/7kaYUQi9FaVm8ekTASWZZ4f3iVfN/zVXQthy2/teUXmESmalqwN9m4ThyIC5eH2MSl+/lLlvkRDr35HLw1S5b/CHLgzetUtDaTDhxCjqFKA9btkWMnEYNLNz+/FaEZwblIufcDfv+PgWhbehTDV7Pq1ww1GeiaMpTdkFZNwTtwLMEY9ButFpCPYdj/nlX2igwiA/TdRdqiRXOuwh5uY0ZGvHk1C5NzsDZZ3XBW/WE0uCYwGZQI8yyQq5CqpMwEhBYCDWrRoSy546/nOqZ9ImsNGFL7BKjp/6aBLs5uVgXTaMkIFQw5ozbZPzK464Rb4uDYxh2w==
s7l8+Bsjp5cRelYxIHnAlejpF81uHFJyv5hYRHXiWpT8vbL7BdqGp+0GY73EsZ262T1vr3RtJv7FF/5UzOKmmtYqlGPinh7VQnuazxtOxdAvzCawGVyZqI7LoLIH0Us/lju0DZCZv67rNSAeggcnT6D/s8hJgsOvYnNb77k79epQ+V/UCMNvX6bLcS4i319XSdXgFmaS/3PoZ5IiYxjcb6pMnPLvVTMO5W1jZXGfx2sDnFs95hGB5zz1So9+23qkQKogFyRytjOGiFM4brwjhEvYLob1t28O9jQnfNywXCgpSnUgiIKhjh9A64sHcbtgVI922Ol+YSU=
/wyUpA8LR6LccS3TF4PjT5L/7kaYUQi9FaVm8ekTASWZZ4f3iVfN/zVXQthy2/teUXmESmalqwN9m4ThyIC5eH2MSl+/lLlvkRDr35HLw1S5b/CHLgzetUtDaTDhxCjqFKA9btkWMnEYNLNz+/FaEZwblIufcDfv+PgWhbehTDV7Pq1ww1GeiaMpTdkFZNwTtwLMEY9ButFpCPYdj/nlX2igwiA/TdRdqiRXOuwh5uY0ZGvHk1C5NzsDZZ3XBW/WE0uCYwGZQI8yyQq5CqpMwEhBYCDWrRoSy546/nOqZ9ImsNGFL7BKjp/6aBLs5uVgXTaMkIFQw5ozbZPzK464Rb4uDYxh2w==
s7l8+Bsjp5cRelYxIHnAlejpF81uHFJyv5hYRHXiWpT8vbL7BdqGp+0GY73EsZ262T1vr3RtJv7FF/5UzOKmmtYqlGPinh7VQnuazxtOxdAvzCawGVyZqI7LoLIH0Us/lju0DZCZv67rNSAeggcnT6D/s8hJgsOvYnNb77k79epQ+V/UCMNvX6bLcS4i319XSdXgFmaS/3PoZ5IiYxjcb6pMnPLvVTMO5W1jZXGfx2sDnFs95hGB5zz1So9+23qkQKogFyRytjOGiFM4brwjhEvYLob1t28O9jQnfNywXCgpSnUgiIKhjh9A64sHcbtgVI922Ol+YSU=
/wyUpA8LR6LccS3TF4PjT5L/7kaYUQi9FaVm8ekTASWZZ4f3iVfN/zVXQthy2/teUXmESmalqwN9m4ThyIC5eH2MSl+/lLlvkRDr35HLw1S5b/CHLgzetUtDaTDhxCjqFKA9btkWMnEYNLNz+/FaEZwblIufcDfv+PgWhbehTDV7Pq1ww1GeiaMpTdkFZNwTtwLMEY9ButFpCPYdj/nlX2igwiA/TdRdqiRXOuwh5uY0ZGvHk1C5NzsDZZ3XBW/WE0uCYwGZQI8yyQq5CqpMwEhBYCDWrRoSy546/nOqZ9ImsNGFL7BKjp/6aBLs5uVgXTaMkIFQw5ozbZPzK464Rb4uDYxh2w==
s7l8+Bsjp5cRelYxIHnAlejpF81uHFJyv5hYRHXiWpT8vbL7BdqGp+0GY73EsZ262T1vr3RtJv7FF/5UzOKmmtYqlGPinh7VQnuazxtOxdAvzCawGVyZqI7LoLIH0Us/lju0DZCZv67rNSAeggcnT6D/s8hJgsOvYnNb77k79epQ+V/UCMNvX6bLcS4i319XSdXgFmaS/3PoZ5IiYxjcb6pMnPLvVTMO5W1jZXGfx2sDnFs95hGB5zz1So9+23qkQKogFyRytjOGiFM4brwjhEvYLob1t28O9jQnfNywXCgpSnUgiIKhjh9A64sHcbtgVI922Ol+YSU=
4T2zZfMoBKvGtPtyt0Xac/ctPS4bZ3pDJ5oQXceIiwtPJLIuernisx3yOxRdi7NPWTlhkQNVV0/aGaojRQYAuvGPzWGY
A6EaxpXd+xFa9xDM5QERjjafnKIMG/H1zg0kDmmAjeFuiWZuK4LkPROwx9szzCau7tEe49HKb/Qpk79/RVGV0bf9y79WgR6DkX7M6s2n2WGM
MJPDsqFEGBErEsgag4AKg3SfsbOi6cc9dtXJJ6lkTmaJVhk+TnPN+uujhVVUWVqoG+ZWKTst2dVHWjBdJ0jri+9kUi4aeUIz/bJbFH3LU885+UGR4xX3z3pZSiNlxqA6Ec/tYbg=
RyrIY087y5nzUVYZi5exQLLEch78735a3VPLVqOJVkz4FwBCXN+0l7ZqW0BZQtfp1lC0h9kIW/QJkHBJdcyWzu/QhnMOeV+/H5qocuxGpUbc1sswgfAD+rNNU1MrbvilPg7N7GG7
LGomKxuqhh7pS12ftrvaZNamLx0qg5aofR4egem5bCLvxkYpK03pFfc6gN23KDtLv0SiLmpZknOtUsuUzSvjiAkZUZHzNYePivk6o/Vm8PrBr91hiA==
xbmtWpvdnvfRu7hnxPXFj8p5w0uvgp1AvhFly8VFMkhl9kf4bu/2/PJ9ui5Ud1eCn1KwlMl6J35bsvQ7nvqyIh7VGCo6Li0z93kjgKuNvajz2iuccWM1gKIejfeAcTM41TIgmgJc81nHJ02FToEbLMLY4dsjmKcOW8RE7J8fOtx5SCFdJGPR61AvPvtmDwwFuZ+eZHDBCCLYNiTkMkLTVn/UpLYjhsyo1T+DhGULg20dygWX9k8ByHm79yZ5RD8fveWz87OxkVE9ZxDNSLNHkmryu6tfYQo=
YIMOPgH7LToZtfEgqTxQbtiGT7MnwVFqAcMi4usdWCeVkUtCgC2/H1ToHI3U+K5Ynl3EwzirwPh+YoHKv8FVp4H0bOH2dhTOAy8ZQU2chf2ztP3iJYB/YzucrCaD644BHSS7Cs6GLLzdBSkfI1lg8dXwjOAvh21Y6VKVfAowUW+UABfwzwGKg393vpdQZ8h/gpk3JxD4/kGGvlaOqni8Mn3KEWxKKo1mYvQ7h+1Yy3tNsVNyy8u4j0+Ut4O5+rc0EcPT3V2vnVG/TdNfftFmw0mOZMq1t1FhBA==
M93j06iMeCxx0KbAHyLLxU2ep+gLeibegHJ+9kme/PYEjx0HkOxTtRNPEWGEPMW+9Syj0x9H1sOJ8HNVm/VPBV+UTWuYq76SvWr12AoyBToudl6oHvDjuh4vogZtCYmkriCGswizLGz3uovW7/dpfIonfEI5gvhIsDYY75Y2x01qrBySr3UzLqUN44Wxv8dLw3zbXaYxgcd8lcpvvvt6hIBKoHdkUrYTxujT2K6cI6SLOK7mtZdvLrZUp5wckFwI6ajxQMGioa5fIGtrx1G7QJRv9ripXmEF
pIbWphuclr/I1buwb+v0sU2ep+gLeibegHJ+9kme/PYEjx0HkOxTsxNPEWGCPMW+9Syj0x9H1sOJ8HNVt+JPDEOaWmuYq76SvWr12AoyBToudl6oHvDjuh4vogZtCYmkriCGswizLGz3uovW7/dpfIonfEI5gvhIsDYY75Y2x01qrBySr3UzLqUN44Wxv8dLw3zbXaYxgcd8lcpvvvt6hIBKoHdkUrYTxujT2K6cI6SLOK7mtZdvLrZUp5wckFwI6ajxQMGioa5fIGtrx1G7QJRv9ripXmEF
g1xM8+2SO8WwRaER80QLEXwS0hp1dOectEMWv/ZG1hJlATAVrCRTFO4Hvuk3qjhJITOmmU6wBepR21luLSJKvh/dYcmXQeSFXvCZjN3C5gx1KDoAZqIC/uO4GimqfGEXmZZaNp5ZNN0MTpOcY4zDCVkuXhEEiOXMuIr0cNBV2ugXP956RDhT21PMAWtLH90BN9lXimPXOr8BRfgTQpUyZeo29Nw4Hdi8FrEiTrsCAuKTdt+OVqzpWa9scpLvptDODPrd/ilqvYxBzHvGQ3Erb8tSgBnOsrVQYQc=
qCuAL03YOhLKQFNJUwUQeE2ep+gLeibegHJ+9kme/PYEjx0HkOxTsxNPEWGCPMW+9Syj0x9H1sOJ8HNVm/VPG0KVR2uYq76SvWr12AoyBToudl6oHvDjuh4vogZtCYmkriCGswizLGz3uovW7/dpfIonfEI5gvhIsDYY75Y2x01qrBySr3UzLqUN44Wxv8dLw3zbXaYxgcd8lcpvvvt6hIBKoHdkUrYTxujT2K6cI6SLOK7mtZdvLrZUp5wckFwI6ajxQMGioa5fIGtrx1G7QJRv9ripXmEF
Ar8dwsw1TX5ln1+QllbTZXwS0hp1dOectEMWv/ZG1hJlATAVrCRTEu4HvukxqjhJITOmmU6wBepR21luPCRIqxvJYcmXQeSFXvCZjN3C5gx1KDoAZqIC/uO4GimqfGEXmZZaNp5ZNN0MTpOcY4zDCVkuXhEEiOXMuIr0cNBV2ugXP956RDhT21PMAWtLH90BN9lXimPXOr8BRfgTQpUyZeo29Nw4Hdi8FrEiTrsCAuKTdt+OVqzpWa9scpLvptDODPrd/ilqvYxBzHvGQ3Erb8tSgBnOsrVQYQc=
txQI8ntGCxJfsCeQm80h7Mp5w0uvgp1AvhFly8VFMkhl9kf4bu/2+uMl4j5CfAPdmFGlvY8ZYDxM6uN7msi1NAvIGCo6Li0z93kjgKuNvajz2iuccWM1gKIejfeAcTM41TIgmgJc81nHJ02FToEbLMLY4dsjmKcOW8RE7J8fOtx5SCFdJGPR61AvPvtmDwwFuZ+eZHDBCCLYNiTkMkLTVn/UpLYjhsyo1T+DhGULg20dygWX9k8ByHm79yZ5RD8fveWz87OxkVE9ZxDNSLNHkmryu6tfYQo=
oJQqEignvsmT0Vk9dBYKHsp5w0uvgp1AvhFly8VFMkhl9kf4bu/2+uMl4j5CfAPdmFGlvY8ZYDxM6uN7k9u/KQvKGCo6Li0z93kjgKuNvajz2iuccWM1gKIejfeAcTM41TIgmgJc81nHJ02FToEbLMLY4dsjmKcOW8RE7J8fOtx5SCFdJGPR61AvPvtmDwwFuZ+eZHDBCCLYNiTkMkLTVn/UpLYjhsyo1T+DhGULg20dygWX9k8ByHm79yZ5RD8fveWz87OxkVE9ZxDNSLNHkmryu6tfYQo=
SssRltrq2+0BNnDRRHPtrmFe0Pfd2rndWb5VPhfKLaodcnVOGIwx7d5lL88G6eA37H8NOy+MLjDjeVA4+bcWRhGW+0shop5Wir7QjkfnJTFhROHdV4yR8jmIe2M/lLA279NqIXn8l3ryTmj8Gc1Vr88BxBFxiCBwsw/p2G3aCeymyPUPMNh7QDNJzkO7P4JnfD8sX+ah2zcM8PpBgrZKnkZA2BKZkj2cdmJJpia8xzeBgG8b6Un/4ldDPA/LHCsTFYIT1LWbP20hZ1kR+4XvL1IJAuOttgjaqb9VYQA=
JBSdYrYd3Q/Ucl57Lq8Y2QNb46QZaifRtohk71ngC6zpqABhtaQmNk+IVlsOUY/nv2IYGixu1Xg4jp3ZAZjTItN1o3trhkjdntadxGGT
mVMGYI5fKkYZ68t8D+bER3WfsbOi6cc9dtXJJ6lkTmaJVhk+TnPN+uujhVVUWVqoG+ZWKTst2dVHWjBdJ0jri+9kUi4aeUIz/bJbFH3LVcw5/0CR4xX3z3pZSiNlxqA6Ec/tYbg=
91WCe2ZWzKk28cAfVYBldUpkIWaZwH6ZnVyN8t1F+V/BEXDi+I2m3o2cku6kQkN9J3FXxdLaUbp4yRUx1+1JRj4tCVQFs4E4nO7UJSyLEy71ZPNX2HW3Y+5xTUm5d7SFBFNLGk4Cf9PjYbY=
mx3W718fBKocASz0LoUtrUpkIWaZwH6ZnVyN8t1F+V/BEXDi+I2m3o2cku6kQkN9J3FXxdLaUbp4yRUx1+1JRj4tCVQFs4E4nO7UJSyLEy71ZPNX2nW3Y+5xTUm5d7SFBFNLGk4Cf9PjYbY=
sCdFHe5H2Z53rzG/Y+trI9bdEV10qTJ0HnmZyGzth3xXBg8Nuxt7wYpGWuU0ahccCFo2KuHZ3aHtgZCSg06i6Q9FxeVLQgQ9c3AnW1MMxq6Okf5jsYqP9EnTXP4lF3TRl71rP/bBPoOxPmxqbef5Yaw=
AXlUsvIWgGSFjJoYhTYLx9amLx0qg5aofR4egem5bCLvxkYpK03pFfc6gN23KDtLv0SiLmpZknOtUsuUzSvujgkfUJHzNYePivk6o/Vm8PrBr91hiA==
+2ir3JKha7GzkJP+t/0giPctPS4bZ3pDJ5oQXceIiwtNJLIuernisx3yOxRdi7ZIWT9gkQNVV0/aGaojRQYAuvGPzWGY
fSwwiQTt+Dc8qeB0MLCQGTafnKIMG/H1zg0kDmmAjeFuiWZuK4LkPROwx9sxzCau7tEe49HKb/Qpk7p4RVeU0bf9y79WgR6DkX7M6s2n2WGM
ddnanp4AIgTK6ugiXPy6hBbTBAVhpeB5P5ff6Nj+D9qfvsj/S2J9L/PlovXMML0K8EmdwX+NEfbG7VEEPVOrKJTu3DUE6yv+LSSL5wCQHxNm8cX50ddsdbwTE8q2IhfD62G+
MVxOetSkV/0hkU5wp1VWm0pkIWaZwH6ZnVyM8t1F+V/BEXDi+I2m3o2cku6kQkN9J3FXxdLaUbp4yRUx1+1JRj4tCVQFs4M4nO7UJSyLEy71ZPNX2HG3Y+5xTUm5d7SFBFNLGk4Cf9PjYbY=
iklvVZZT3i/o5JO03v+ZUNbdEV10qTJ0HnmZyGzth3xWBg8Nuxt7wYpGWuU0ahccCFo2KuHZ3aHtgZCSg06i6Q9FxeVLQgQ9c3AnW1EMxq6Okf5jsYqP9EnTU/klF3TRl71rP/bBPoOxPmxqbef5Yaw=
bbShv/CbLcXaD5qkom+2J9amLx0qg5aofR4egem5bCLvxkYpK03pFfc6gN23KDtLvUSiLmpZknOtUsuUzSvviQkfUJHzNYePivk6o/Vm8PrBr91hiA==
wd9WJ1rIQ9AuJp0ALwYKmwNb46QZaifRtohk71ngC6zpqABhtaQmNk+KVlsOUY/nv2IYGixu1XM4jpzZAZjTItN1o3trhkjdntadxGGT
541Z1iOTqx40xXQIkKc4axfTBAVhpeB5P5ff6Nj+D9qfvsj/S2J9L/PlovXMML0K8EmdwX+NEfbG7VEEPVOrKJTu3DUE6yv+LSSL5wiUHxJm8cX50ddsdbwTE8q2IhfD62G+
tfzZCheqHC3K/oMYOXRKjEY5Lg7rn8fewKs1Sl6JyqmRdSKn5TEU+sSdqtaJnJbmqFJ/ZUNRcz0O6h3yPAnR+ZudFf7aza3MeSMPsBhuUK2gG++2UQSX7w2FeyqqMYmBdUfo/SBzrwJyEnPb52Gy
xwsezavCblbuHuLAVV/nnEY5Lg7rn8fewKs1Sl6JyqmRdSKn5TEU+sSdqtaJnJbmqFJ/ZUNRcz0O6h3yPAnR+ZudFf7aza3MeSMPsBhuUK2gG++2UQSX7wSGeyqqMYmBdUfo/SBzrwJyEnPb52Gy
JNCq9H8xCouJb6Kb16jotNamLx0qg5aofR4egem5bCLvxkYpK03pFfc6gN23KDtLvUSiLmpZknOtUsuUzSvmjgkeUJHzNYePivk6o/Vm8PrBr91hiA==
Wpt/hDqyzRdnkNZZv4FPFvctPS4bZ3pDJ5oQXceIiwtMJLIuernisx3yOxRdi7dPWT5gkQNVV0/aGaojRQYAuvGPzWGY
fya1iEklk8uODZuafNhn1DafnKIMG/H1zg0kDmmAjeFuiWZuK4LkPROwx9swzCau7tEe49HKb/Qpk7t/RVaU0bf9y79WgR6DkX7M6s2n2WGM
n1Eg11Y1LcEQMIVrlBS2iXWfsbOi6cc9dtXJJ6lkTmaJVhk+TnPN+uujhVVUWVqoG+ZWKTst2dVHWjBdJ0jri+xkUi4aeUIz/bJbFH3LV885/kCR4xX3z3pZSiNlxqA6Ec/tYbg=
5fLSjmWUo5zE1dAO/I1y9dPSw6jBZnjp7IVkrWTrs4HCFmIF3FoPHBBq3srZiZXhJXFIMuveGmn31W2FE/LM/bsgX3t4/N6uluHWQ0lax7QBY4UfjYYMUS8tg5+usXZDee5UCgXX4WG0
Tfd2WcfF+5uglS2NQefuHOVamc91CioDny48KShNON1IM1eh5m5OFSBSCxwUYiLa9fGxwcGpZEK3Ft6ps50xNf8qaJ3fmLPrxHRaLhJpatMl4iNUpTvmqFFOyBFrZV9vgukSY10WeBp53+VhsA==
gZJwsE//8a9mt2QoLOJ0ZdamLx0qg5aofR4egem5bCLvxkYpK03pFfc6gN23KDtLvESiLmpZknOtUsuUzSvmiQkeUJHzNYePivk6o/Vm8PrBr91hiA==
k8PzzMZK1Gi68b5n8NoEiANb46QZaifRtohk71ngC6zpqABhtaQmNk+KVlsOUY/nv2IYGixu1XM9jpzZAZjTItN1o3trhkjdntadxGGT
OQrMBt09b0taW+YKCn285RfTBAVhpeB5P5ff6Nj+D9qfvsj/S2J9L/PlovXMML0K8EmdwX+NEfbG7VEEPVOrKJTu3DUE6yv+LSSL5wiRHxJm8cX50ddsdbwTE8q2IhfD62G+
pf+U+MrOM7ExrgKWwSOHveVamc91CioDny48KShNO91IM1eh5m5OFSBSCxwUYiLa9fGxwcGpZEK3Ft6ps50xNf8qaJ3fmLPrxXRaLhJpatMl4iNUpTvsrFFNyBFrZV9vgukSY10WeBp53+VhsA==
NA5D1F2YEuyhC79O3o9x2PctPS4bZ3pDPZwQQd+JiwtMPrQuZqHjsx3yOxRdi7NJWTxgkQNVV0/aGaojRQYAuvGPzWGY
gBlOCzjapNVLGO0iYIiQHjafnKIMG/H1zg0kDmmAjeFuiWZuMYTkIQuxx9sw1iCu8skf49HKb/Qpk795RVSU0bf9y79WgR6DkX7M6s2n2WGM
kOei8MZU8bRDmHzISPTQU1Qy5/lbXLkU2rTt7fTq/ws5Ai6y/aa9eSttVBrgXTkuN8bxtHJDecKLrMc9qA9Oo4vsR0RM2JzwWcRVWFqrIZavCAszF5n7OKSH1iC51mG9
QOq25vnIWCKbW99VPYR27/ctPS4bZ3pDJ5oQXceIiwtOJLIuernisx3yOxRdi79NWTtgkQNVV0/aGaojRQYAuvGPzWGY
3IRDGQWNwiaRNSXtSUpLdjafnKIMG/H1zg0kDmmAjeFuiWZuK4LkPROwx9syzCau7tEe49HKb/Qpk7N9RVOU0bf9y79WgR6DkX7M6s2n2WGM
RN7CTmuvL4Ou8RvsiyFoNnSfsbOi6cc9dtXJJ6lkTmaJVhk+TnPN+uujhVVUWVqoG+ZWKTst2dVHWjBdJ0jri+5kUi4aeUIz/bJbFH3LX805+0CR4xX3z3pZSiNlxqA6Ec/tYbg=
hHv2RzQSidk0BW3JVy/pQV9cu0BwAn+f0HznjX5p6vk/hXIG6kGsg9FvEEpc16TvlrKriBkKZzE26CQPWYDLTGnIwIG1hOaWzymWew5xT0c/wtg6LI4VGLpuWbkBeJNCU5XjG2umCH0edt3kYbM=
dXPcPSNPV02MGbxtc14iq19cu0BwAn+f0HznjX5p6vk/hXIG6kGsg9FvEEpc16TvlrKriBkKZzE26CQPWYDLTGnIwIG1hOaWzymWew5xT0c/wtg6LI4VHrpuWbkBeJNCU5XjG2umCH0edt3kYbM=
9aa25FvpGs5Yn+6+yGYWRdamLx0qg5aofR4egem5bCLvxkYpK03pFfc6gN23KDtLvkSiLmpZknOtUsuUzSvjjgkbUJHzNYePivk6o/Vm8PrBr91hiA==
QInEbIVJT59lp1y1NByU3QNb46QZaifRtohk71ngC6zpqABhtaQmNk+KVlsOUY/nv2IYGixu1Xo7jpvZAZjTItN1o3trhkjdntadxGGT
Cd7gaCQeoPhrBUvDfAX1chXTBAVhpeB5P5ff6Nj+D9qfvsj/S2J9L/PlovXMML0K8EmdwX+NEfbG7VEEPVOrKJTu3DUE6yv+LSSL5wGXHxVm8cX50ddsdbwTE8q2IhfD62G+
XA76K7fROlYT8TpsY78m0ANb46QZaifRtohk71ngC6zpqABhtaQmNk+KVlsOUY/nv2IYGixu1Xs7jpvZAZjTItN1o3trhkjdntadxGGT
oy786nWLTqIn606avGjJhxbTBAVhpeB5P5ff6Nj+D9qfvsj/S2J9L/PlovXMML0K8EmdwX+NEfbG7VEEPVOrKJTu3DUE6yv+LSSL5wCXHxVm8cX50ddsdbwTE8q2IhfD62G+
TUnFsGPGyyyUwydkZ0D8MgNb46QZaifRtohk71ngC6zpqABhtaQmNk+KVlsOUY/nv2IYGixu1Xg7jpvZAZjTItN1o3trhkjdntadxGGT
tQaWmo5qbCKm6euiZIMkExXTBAVhpeB5P5ff6Nj+D9qfvsj/S2J9L/PlovXMML0K8EmdwX+NEfbG7VEEPVOrKJTu3DUE6yv+LSSL5wOXHxVm8cX50ddsdbwTE8q2IhfD62G+
9DHHewdHZOV0LOA0uelMp9PSw6jBZnjp7IVnrWD2rYLeCGMF3FoPHBBq3srZiZXhJXFIMuveGmn31W2FE/LM/bsgX3t5/N6uluHWQ0lax7QBY4ofjYEMUS8tg5+usXZDee5UCgXX4WG0
V/Pn21Ls4dUNE3BPhBLGnkpkIWac23mCmkmO4d1F+kLfEmz8+Y2m3o2cku6kQkN9J3FXxdLaUbp4yRUx1+1JRj4tCVQFs4M4nO7UJSyLEy71ZPNX3XC3Ze5xTUm5d7SFBFNLGk4Cf9PjYbY=
dfqEHgYhH+vCqNc7fLSdGeVamc91CioDny48KShNO91MLkmi+nBPFSBSCxwUYiLa9fGxwcGpZEK3Ft6ps50xNf8qaJ3fmLPrxXRaLhJpatMl4iNUpTvnqFFJyBFrZV9vgukSY10WeBp53+VhsA==
wzxOu7bRLBH8+KdjMQ2tktamLx0qg5aofR4egem5bCLvxkYpK03pFfc6gN23KDtLvUSiLmpZknOtUsuUzSvviQkZUJHzNYePivk6o/Vm8PrBr91hiA==
9d6GZkCoMxIOq0/jkvHk/wNb46QZaifRtohk71ngC6zpqABhtaQmNk+KVlsOUY/nv2IYGixu1Xg4jprZAZjTItN1o3trhkjdntadxGGT
X15adS+KDt+Ec0TD7lTgqRbTBAVhpeB5P5ff6Nj+D9qfvsj/S2J9L/PlovXMML0K8EmdwX+NEfbG7VEEPVOrKJTu3DUE6yv+LSSL5wOUHxRm8cX50ddsdbwTE8q2IhfD62G+
Q2yZLEpXX2N676H/3DnguwNb46QZaifRtohk71ngC6zpqABhtaQmNk+KVlsOUY/nv2IYGixu1Xk4jprZAZjTItN1o3trhkjdntadxGGT
FGoSWuq5crwo58F5/bzkeRfTBAVhpeB5P5ff6Nj+D9qfvsj/S2J9L/PlovXMML0K8EmdwX+NEfbG7VEEPVOrKJTu3DUE6yv+LSSL5wKUHxRm8cX50ddsdbwTE8q2IhfD62G+
Hq7Vbx6Wyeox3UXrNVT5agNb46QZaifRtohk71ngC6zpqABhtaQmNk+KVlsOUY/nv2IYGixu1Xw4jprZAZjTItN1o3trhkjdntadxGGT
XlTRxLy5/iYTzwP8hcnpcRbTBAVhpeB5P5ff6Nj+D9qfvsj/S2J9L/PlovXMML0K8EmdwX+NEfbG7VEEPVOrKJTu3DUE6yv+LSSL5weUHxRm8cX50ddsdbwTE8q2IhfD62G+
Hq7Vbx6Wyeox3UXrNVT5agNb46QZaifRtohk71ngC6zpqABhtaQmNk+KVlsOUY/nv2IYGixu1Xw4jprZAZjTItN1o3trhkjdntadxGGT
DLQayGn/z/RdN51BWYTa8BXTBAVhpeB5P5ff6Nj+D9qfvsj/S2J9L/PlovXMML0K8EmdwX+NEfbG7VEEPVOrKJTu3DUE6yv+LSSL5weUHxRm8cX50ddsdbwTE8q2IhfD62G+
1NWRQsjs5Ud/zQVEZ6zMoANb46QZaifRtohk71ngC6zpqABhtaQmNk+JVlsOUY/nv2IYGixu1Xw6jprZAZjTItN1o3trhkjdntadxGGT
2RNmq0OKt10V1tM0NXNXpnWfsbOi6cc9dtXJJ6lkTmaJVhk+TnPN+uujhVVUWVqoG+ZWKTst2dVHWjBdJ0jri+5kUi4aeUIz/bJbFH3LUc45+ECR4xX3z3pZSiNlxqA6Ec/tYbg=
kRV5wy8G51lo1CWm5isTFdPSw6jBZnjp7IVkrWD2rYLeCGMF3FoPHBBq3srZiZXhJXFIMuveGmn31W2FE/LM/bsgX3t6/N6uluHWQ0lax7QBY4MYjYAMUS8tg5+usXZDee5UCgXX4WG0
gwucbOD8PgslPW8KjKLdYtamLx0qg5aofR4egem5bCLvxkYpK03pFfc6gN23KDtLvkSiLmpZknOtUsuUzSvniAkYUJHzNYePivk6o/Vm8PrBr91hiA==
fJLbCWtvREtiTG3333loWuVamc91CioDny48KShNON1MLkmi+nBPFSBSCxwUYiLa9fGxwcGpZEK3Ft6ps50xNf8qaJ3fmLPrxnRaLhJpatMl4iNUpTvqqFFIyBFrZV9vgukSY10WeBp53+VhsA==
9yKX9zwJXIivr/Loo4J3/gNb46QZaifRtohk71ngC6zpqABhtaQmNk+LVlsOUY/nv2IYGixu1X05jpTZAZjTItN1o3trhkjdntadxGGT
iPHW32hEboh6BJXYxZ+JS3SfsbOi6cc9dtXJJ6lkTmaJVhk+TnPN+uujhVVUWVqoG+ZWKTst2dVHWjBdJ0jri+xkUi4aeUIz/bJbFH3LUM059kCR4xX3z3pZSiNlxqA6Ec/tYbg=
Wno2EAnms0eXI04JG5Z4xS0QrzrTEkUMChuPagPtTortvVLGgZye9lByVxUbkYvtpoqFQrSJWYkDPf0uYo31/JHDNqAQbli9mHuHhonEL79pJuPSIrEBMe2nQK1YM3fyWjILy+9hug==
mPhMfMKSUFqRsaUHXSujZkpkJH2bwH6ZnVKJ9N5L+0LfDXLi+Y2m3o2cku6kQkN9J3FXxdLaUbp4yRUx1+1JRj4tCVQFs4I4nO7UJSyLEy71ZPNX2ne3au5xTUm5d7SFBFNLGk4Cf9PjYbY=
CSa8ufalAv/QGcVsvtY7lNamLx0qg5aofR4egem5bCLvxkYpK03pFfc6gN23KDtLvESiLmpZknOtUsuUzSvijwkWUJHzNYePivk6o/Vm8PrBr91hiA==
Cpn1QVu6NUYBtV614njQYmkSifhTTw4iiIn5Qq9CgXK8N0XW8ogXQRqdzhNLqXdYROx8vOEgwOSz+GF6twz7b19tW7RcI4bckcJhkQ==
LGUlAwE0yW0fQ0COsWeDNQFh3o9tI0KIU1a+qZPdkbVfakid/9hTa6Q0ui5yqYpTRSIDVIX7Si3xje8Ri6U/72KpcmO9Vtia2Z/FYZA=
Gi11LRvXI0aczjmVPDRmEV59rviPHvpp1xXNBfMyrP1bYP/72Lw+rvYhdsPpmqe04SPqnS3FK1FPbWMfDnFWQ1kuNIrll8FhlA==
YY1lF6A5fUdc4B9MBpbxx1+vNq5bYnS9oxAXm8CsNq7+MW4jgWrfdLnzST6VdaPRxx2bf+YhjgNhHhyq/YfJYZw=
WpKvb72YST4PMtyFiymacOZhOSEaYXpeJ5oQXceIiwtMJLIuernisx3yOxRdi7FOWT1nkQNVV0/aGaojRQYAuvGPzWGY
Ps5beZpu7jdc4vqOMocLGzM1IiFf7cOsN2guzYyeLH9cJJR32Xh7BEnA0Nn1XHYer+NmQw5Jv49fSkjibNYFE5wm70aBACOKc53zw6v+mPX+Pq3cYYs=
Y6on3bmUZX0zQ+N248MER76rt4iRFeCyivJmErkOCVBN3LeV530qPzzxo7SdhHzDmUyTIFnE2K3VqD5af0cO94791yuPDgAWTKINEogCBnLBtMsu4xl7twsK0LEuGsXoYb8=
xlVYta2Ma7rJj24mmfMiJ04rfkWsy9XFwKwpVEWM1rmAazik5TMI5MSM4deVjpDnohN8PFgUJGEH8R3yPAnR+ZudFf7aza3MeSMOsBhuUK2gG++2UQSX7wCAeyitMYmBdUfo/SBzrwJyEnPb52Gy
RGqNYBf4tEVD7vUsPjA2M97PQRYz/SBvHn6F1nfom2xGBRAXuwZnwZZZWvR/awsODls8a+KAxuS63ZmJg06i6Q9FxeVLQgQ9c3AnW1AMxq6Okf5jsYqP9EnTWPwlE3PRl71rP/bBPoOxPmxqbef5Yaw=
Qm/rjvCpY1SmrIR63D79fUTUr4cGISzT13JF7sBNOR5XFjHe1NPlamr8h82SGU6P8z2HNOxIHEC5kBKofbwhps/Yy0O3CXuIRNeW0JnGYY0=
3SoQ2qabP/XWKRXrfHSUkn8SifhTTw4iiIn5Qq9CgXK8N0XW8ogXQBqdzhNLqXdYROx8vOEixOS1+GF6twz7b19tW7RcI4bckcJhkQ==
T2jlfvm7KH/ra5VnXoJptzM1IiFf7cOsN2guzYyeLH9cJJR32Xh7BEnA0Nn1XHYer+JmQw5Jv49fSkjibNYFGp0m6UaBACOKc53zw6v+mPX+Pq3cYYs=
bnjj8oG0nh6Rcn21BHMfGb2rs5WPFvysi/JmErkOCVBN3LeV530qPzzxo7SdhHzDmUyTIFnE2K3VqD5af0YO94791yuPDgAWTKINEooCAHLBtMsu4xl7twsK0LEuGsXoYb8=
DIdxcFJm5mkymHkrnuL2ld7PQRYz/SBvHn6F1nfom2xGBRATphhk3YhYWvR/awsODls8a+KAxuS63ZmJg06i6Q9FxeVLQgQ9c3AnW1EMxq6Okf5jsYqP9EnTXPglEnPRl71rP/bBPoOxPmxqbef5Yaw=
b3MTH3dVVeocAgwCGPeH96tWzc6Y2qt/gDt3KC9+nQw3xPZgergRkpVRJM3QfPXviY6M37bjaBR0dEhJMyHpKgBJraEvTeEWdm3BpO2Tm0iE7szVNKt7Xr2kO4d018/1UfG12QEX3NXMk4MqZmJn4/thrg==
GnElFb6FRAcCCRMpxrK4tt7PQRYz/SBvHn6F1nfom2xGBRAXuwZnwZZZWvR/awsODls8a+KAxuS63ZmJg06i6Q9FxeVLQgQ9c3AnW1EMxq6Okf5jsYqP9EnTWvklEXPRl71rP/bBPoOxPmxqbef5Yaw=
DZ1RaEbBuB26v3W3swxRBUTUr4cGISzT13JF7sBNOR5XFjHe1NPlamr8h8ySGU6P8z2HNOxIHEC5kBGofrwhps/Yy0O3CXuIRNeW0JnGYY0=
1OxXALgtHA4Y87roeNApL1+vNrNbYnS9oxAXm8OsNq7+MW4jgWrfdLnzTz6VcKPRxx2bf+YhjgNhHhyq/YfJYZw=
nxjTdJXCCw72OwLSBeKKz+ZhOSEaYXpeJ5oQXceIiwtPJLIuernisx3yOxRdi79OWThnkQNVV0/aGaojRQYAuvGPzWGY
YBZQgVRKU7C7GHgghOarATM1IiFf7cOsN2guzYyeLH9cJJR32Xh7BEnA0Nn1XHYer+BmQw5Jv49fSkjibNYFGpsm6kaBACOKc53zw6v+mPX+Pq3cYYs=
Aa7nnIgmICTN5c2qrRJPfN/lHU0c4inrVMAaZPqIMYCN0s1aOx9/476tjIcfTjXq2CF56v+KoXqsHwV+YgC3ikq1zjsbYdfQ1EQ8lPEk4CzpUOHS58TbZ09FGxzMqyYUwephuQ==
rqSXrmkpW6TFh6TZQIaHLKtWzc6Y2qt/gDt3KC9+nQw3xPZgergRkpVRJM3QfPXviY6M37bjaBR0dEhJMyHpKgBJraEvTeEWdm3BpO2TmUiE7szVNKt7Xr2kO4dz0M/7UfG12QEX3NXMk4MqZmJn4/thrg==
vr74Crm0k4mXj6UKIu7xLl9S7xAwTWqf12D8iGJ59ecvm2QI9VewgsAkEVZO0aXl17Hyk1xdOzgt6CQPWYDLTGnIwIG1hOaWzyiWew5xT0c/wtg6LI4VHrpuVL4BeJNCU5XjG2umCH0edt3kYbM=
9vhNsyxBEtFIJB3pvxR8R1+vNrNbYnS9oxAXm8KsNq7+MW4jgWrfdLnzQzmVfqPRxx2bf+YhjgNhHhyq/YfJYZw=
dmp4cr0AxBMFKVNtOXwcguZhOSEaYXpeJ5oQXceIiwtOJLIuernisx3yOxRdi7dMWT9mkQNVV0/aGaojRQYAuvGPzWGY
2iGt91cg4EWqvLKUlgoSgDM1IiFf7cOsN2guzYyeLH9cJJR32Xh7BEnA0Nn1XHYer+FmQw5Jv49fSkjibNYFEZkm7UeBACOKc53zw6v+mPX+Pq3cYYs=
1nKSzQdBKZMPm0AJt2plFL6rs5WPFvysi/JmErkOCVBN3LeV530qPzzxo7SdhHzDmUyTIFnE2K3VqD5af0UO94791yuPDgAWTKINHosCBXPBtMsu4xl7twsK0LEuGsXoYb8=
S3XsdqeHhnYC2UeFHpbpzN7PQRYz/SBvHn6F1nfom2xGBRATphhk3YhYWvR/awsODls8a+KAxuS63ZmJg06i6Q9FxeVLQgQ9c3AnW1IMxq6Okf5jsYqP9EnTWfwlFnLRl71rP/bBPoOxPmxqbef5Yaw=
aYEiceyNL/OHHzyRvO3KS+ZtKCBtjxbcl8Lcxrw+RFSspc27Uc9E3RVBn5ewOClKTs2d+aetyo+8gQNkXbQc05lccxAZlHhdVRheCr+1LueO7ffbT15gpsxSrUXKMuRjwaSrHiPJ28eLujBhbmrl+GGv
S3ASwiIwa65szfpmvjUMYkTUr4cGISzT13JF7sBNOR5XFjHe1NPlamr8h8+SGU6P8z2HNOxIHEC5mRKoeL0hps/Yy0O3CXuIRNeW0JnGYY0=
CDjHMRkDui/jUHc7YcmG4159rviPHvpp1xXNBfMyrP1bYP/72bw+rvYhdsPpmqe04SPqmC3GKlFPbWMfDnFWQ1kuNIrll8FhlA==
rzyQqx9LrV6gNgDN7pHfMhjdlvVsAQO76HP5dQIANyW4FvU+us1NDBmj73B4brDtwJsP9jEEd69nAZtqzDGpwdXHSL0Ac49C0pLTm8dhkg==
Tl4Lps8hpKPKWlMIkE2aTgXWkfVsAQO76HP5dQIANyW4FvU+us1NDBmj73B4brDtwJsP9jEEd69kBZtpzDGpwdXHSL0Ac49C0pLTm8dhkg==
CcJUw+ZKQlqMRDqQDj/RvWID3LQICRdmz5fwRLMBinK8N0XW8ogXQBqdzhNLqXdYROx8vOEtwuSz+WF6twz7b19tW7RcI4bckcJhkQ==
sdTLVcPzjq/q/NCnSinZLM9907W7iPnA3NDtyvZZcJyy7hMHOIucZbLUPcAqf7OkEMrCaIw1gYLFQqeEt8tFLVr06YI68fi+qelV9Uoi+8o8Pa00HilmersNXG6aWbgVvQlz2Axp4oSeAqexMgiMHkchc/LdCdOpectn91uYi5GOJYHbRFG6gzZPmvhYbrB7DIZ2Tz5sY3TmaAOYk1x+qh0D77IOEFfwFKQ89LEIYswm9OFzJyRbRw8lG/wMi6Z0gUphGQ==
dkHlXzHcCdMgWz32j/7sLM9907W7iPnA3NDtyvZZcJyy7hMHOIucZbLUPcAqf7OkEMrCaIw1gYLFQqeEt8tFLVr06YI68fi+qelV9Uoi+8o8Pa00HilmersNXG6aWbgVvQlz2Axp4oSeAqexMgiMHkchc/LdCdOpectn91uYi5GOJYHbRFG6gzZPmvhYbrB7DIZ2Tz5sY3TmaAOYk1x+qh0D77IOEFfwFKQ89LEEYMwm9eFzJyRbRw8lG/wMi6Z0gUphGQ==
OZK14v416t6jz6w+I4tSttncsf/WdAyzdPnD8i8Y8BVjP2Bg3IQmB0ypGY05rCTk7e1FnD4rzTwNaX1EDIRN0ygtAizHj8E+NN3bcMQqufHcNIkMzDyOL5ATB1K0vlfEI7+mNA2YNWUIIz2TxH8K03rvcO0tLyo8nMHkemyGsAxOos9+S4Qwzs/G4JDB7/ds+as/RQm68c9az60QDUvjDsXko3dPtafEnHH8qam3JOVU07v6/kIPczNhZg==
ErQTFAsgBiXdvFaONEnF5M9907W7iPnA3NDtyvZZcJyy7hMHOIucZbLUPcAqf7OkEMrCaIw1gYLFQqeEt8tFLVr06YI68fi+qelV9Uoi+8o8Pa00HilmersNXG6aWbgVvQlz2Axp4oSeAqexMgiMHkchc/LdCdOpectn91uYi5GOJYHbRFG6gzZPmvhYbrB7DIZ2Tz5sY3TmaAOYk1x+qh0D77IOEFfwFKQ89LEFYswh9uFzJyRbRw8lG/wMi6Z0gUphGQ==
LJ+mZxQmOMItp8cYZRROitncsf/WdAyzdPnD8i8Y8BVjP2Bg3IQmB0ypGY05rCTk7e1FnD4rzTwNaX1EDIRN0ygtAizHj8E+NN3bcMQqufHcNIkMzDyOL5ATB1K0vlfEI7+mNA2YNWUIIz2TxH8K03rvcO0tLyo8nMHkemyGsAxOos9+S4Qwzs/G4JDB7/ds+as/RQm68c9az60QDUvjDsXko3dPt6fDn3H8qam3JOVU07v6/kIPczNhZg==
YfaXHX5CjJD2I8sfkKdckt29GwqYVeP9A6AOfjk0HCuDALRe+SsQ//GlWVR8mqRL30onf3axcGX1LTmeE5xgb97U5Uq6428eXvzpiirZ2Jb5IRU9GopbYqy1LbyOgcbS68UcpspxmD2tAXPQHEHCrM7K53lioCy216nzek2hcwEpAyc/C7CruZ4tgdNUeZqrZofaMAjGENOcDvbHrsTD3LagQ1DDdF6CDQvvuh44d9hEbHw84aHEZLF+Yfu3jPvvX+1bNFyjhlyRQmER
pomxaTaJTjWcDVTtgi0cuM9907W7iPnA3NDtyvZZcJyy7hMHOIucZbLUPcAqf7OkEMrCaIw1gYLFQqeEt8tFLVr06YI68fi+qelV9Uoi+8o8Pa00HilmersNXG6aWbgVvQlz2Axp4oSeAqexMgiMHkchc/LdCdOpectn91uYi5GOJYHbRFG6gzZPmvhYbrB7DIZ2Tz5sY3TmaAOYk1x+qh0D77IOEFfwFKQ89LEPYswj9uFzJyRbRw8lG/wMi6Z0gUphGQ==
qHZ+SFHmOsQ6cqWCpLZXO9jcsf/WdAyzdPnD8i8Y8BVjP2Bg3IQmB0ypGY05rCTk7e1FnD4rzTwNaX1EDIRN0ygtAizHj8E+NN3bcMQqufHcNIkMzDyOL5ATB1K0vlfEI7+mNA2YNWUIIz2TxH8K03rvcO0tLyo8nMHkemyGsAxOos9+S4Qwzs/G4JDB7/ds+as/RQm68c9az60QDUvjDsXko3dLt6fBn3H8qam3JOVU07v6/kIPczNhZg==
aY37QwVMKFEOAIo53Focz89907W7iPnA3NDtyvZZcJyy7hMHOIucZbLUPcAqf7OkEMrCaIw1gYLFQqeEt8tFLVr06YI68fi+qelV9Uoi+8o8Pa00HilmersNXG6aWbgVvQlz2Axp4oSeAqexMgiMHkchc/LdCdOpectn91uYi5GOJYHbRFG6gzZPmvhYbrB7DIZ2Tz5sY3TmaAOYk1x+qh0D77IOEFfwFKQ89LEEYswi9uFzJyRbRw8lG/wMi6Z0gUphGQ==
00+0gaVaHxiFO9bUFAMGSdjcsf/WdAyzdPnD8i8Y8BVjP2Bg3IQmB0ypGY05rCTk7e1FnD4rzTwNaX1EDIRN0ygtAizHj8E+NN3bcMQqufHcNIkMzDyOL5ATB1K0vlfEI7+mNA2YNWUIIz2TxH8K03rvcO0tLyo8nMHkemyGsAxOos9+S4Qwzs/G4JDB7/ds+as/RQm68c9az60QDUvjDsXko3dKt6fAn3H8qam3JOVU07v6/kIPczNhZg==
DuaOWNiEVW726umffJo7SM9907W7iPnA3NDtyvZZcJyy7hMHOIucZbLUPcAqf7OkEMrCaIw1gYLFQqeEt8tFLVr06YI68fi+qelV9Uoi+8o8Pa00HilmersNXG6aWbgVvQlz2Axp4oSeAqexMgiMHkchc/LdCdOpectn91uYi5GOJYHbRFG6gzZPmvhYbrB7DIZ2Tz5sY3TmaAOYk1x+qh0D77IOEFfwFKQ89LELYswm9eF2JSRURw8lG/wMi6Z0gUpZGQ==
OMhV1qxREs7aoTblUBCzmdjcs//UdA6zdPnD8i8Y8BVjP2Bg3IQmB0ypGY05rCTk7e1FnD4rzTwNaX1EDIRN0ygtAizHj8E+NN3bcMQqufHcNIkMzDyOL5ATB1K0vlfEI7+mNA2YNWUIIz2TxH8K03rvcO0tLyo8nMHkemyGsAxOos9+S4Qwzs/G4JDB7/ds+as/RQm68c9az60QDUvjDsXko3dOt6fEnHH5q6m4JOVU07v6/kIPczNZZg==
FFfcm3i8qKtRkekrgvA1ldjcsf/WdAyzdPnD8i8Y8BVjP2Bg3IQmB0ypGY05rCTk7e1FnD4rzTwNaX1EDIRN0ygtAizHj8E+NN3bcMQqufHcNIkMzDyOL5ATB1K0vlfEI7+mNA2YNWUIIz2TxH8K03rvcO0tLyo8nMHkemyGsAxOos9+S4Qwzs/G4JDB7/ds+as/RQm68c9az60QDUvjDsXko3dKsafEnHH5q6m4JOVU07v6/kIPczNZZg==
uHrXT0BoFmMwHJsfAefNxM9907W7iPnA3NDtyvZZcJyy7hMHOIucZbLUPcAqf7OkEMrCaIw1gYLFQqeEt8tFLVr06YI68fi+qelV9Uoi+8o8Pa00HilmersNXG6aWbgVvQlz2Axp4oSeAqexMgiMHkchc/LdCdOpectn91uYi5GOJYHbRFG6gzZPmvhYbrB7DIZ2Tz5sY3TmaAOYk1x+qh0D77IOEFfwFKQ89LEIYswp9eF2JSRURw8lG/wMi6Z0gUpZGQ==
w4OGDKT1eQ95DrIZsUKU4Njcsf/WdAyzdPnD8i8Y8BVjP2Bg3IQmB0ypGY05rCTk7e1FnD4rzTwNaX1EDIRN0ygtAizHj8E+NN3bcMQqufHcNIkMzDyOL5ATB1K0vlfEI7+mNA2YNWUIIz2TxH8K03rvcO0tLyo8nMHkemyGsAxOos9+S4Qwzs/G4JDB7/ds+as/RQm68c9az60QDUvjDsXko3dIt6fLnHH5q6m4JOVU07v6/kIPczNZZg==
YI6cGq7ipK0deMiNmQ6CMc9907W7iPnA3NDtyvZZcJyy7hMHOIucZbLUPcAqf7OkEMrCaIw1gYLFQqeEt8tFLVr06YI68fi+qelV9Uoi+8o8Pa00HilmersNXG6aWbgVvQlz2Axp4oSeAqexMgiMHkchc/LdCdOpectn91uYi5GOJYHbRFG6gzZPmvhYbrB7DIZ2Tz5sY3TmaAOYk1x+qh0D77IOEFfwFKQ89LEOZMwh9uF2JSRURw8lG/wMi6Z0gUpZGQ==
XCxZc9hDre+ffqHRkiFQEdjcsf/WdAyzdPnD8i8Y8BVjP2Bg3IQmB0ypGY05rCTk7e1FnD4rzTwNaX1EDIRN0ygtAizHj8E+NN3bcMQqufHcNIkMzDyOL5ATB1K0vlfEI7+mNA2YNWUIIz2TxH8K03rvcO0tLyo8nMHkemyGsAxOos9+S4Qwzs/G4JDB7/ds+as/RQm68c9az60QDUvjDsXko3dJsafDn3H5q6m4JOVU07v6/kIPczNZZg==
HdUkMdTMPK9y5dhiBPHKT89907W7iPnA3NDtyvZZcJyy7hMHOIucZbLUPcAqf7OkEMrCaIw1gYLFQqeEt8tFLVr06YI68fi+qelV9Uoi+8o8Pa00HilmersNXG6aWbgVvQlz2Axp4oSeAqexMgiMHkchc/LdCdOpectn91uYi5GOJYHbRFG6gzZPmvhYbrB7DIZ2Tz5sY3TmaAOYk1x+qh0D77IOEFfwFKQ89LEOYMwj9uF2JSRURw8lG/wMi6Z0gUpZGQ==
1+Ly2nyOD2tR/tSuC5jitdncsf/WdAyzdPnD8i8Y8BVjP2Bg3IQmB0ypGY05rCTk7e1FnD4rzTwNaX1EDIRN0ygtAizHj8E+NN3bcMQqufHcNIkMzDyOL5ATB1K0vlfEI7+mNA2YNWUIIz2TxH8K03rvcO0tLyo8nMHkemyGsAxOos9+S4Qwzs/G4JDB7/ds+as/RQm68c9az60QDUvjDsXko3dAtKfBn3H5q6m4JOVU07v6/kIPczNZZg==
MmupjGcNEiUSUqm1pxoymNncsf/WdAyzdPnD8i8Y8BVjP2Bg3IQmB0ypGY05rCTk7e1FnD4rzTwNaX1EDIRN0ygtAizHj8E+NN3bcMQqufHcNIkMzDyOL5ATB1K0vlfEI7+mNA2YNWUIIz2TxH8K03rvcO0tLyo8nMHkemyGsAxOos9+S4Qwzs/G4JDB7/ds+as/RQm68c9az60QDUvjDsXko3dBtafBn3H5q6m4JOVU07v6/kIPczNZZg==
HYUK/mYYUWfvL1xauhk+Ec9907W7iPnA3NDtyvZZcJyy7hMHOIucZbLUPcAqf7OkEMrCaIw1gYLFQqeEt8tFLVr06YI68fi+qelV9Uoi+8o8Pa00HilmersNXG6aWbgVvQlz2Axp4oSeAqexMgiMHkchc/LdCdOpectn91uYi5GOJYHbRFG6gzZPmvhYbrB7DIZ2Tz5sY3TmaAOYk1x+qh0D77IOEFfwFKQ89LELY8wj9uF2JSRURw8lG/wMi6Z0gUpZGQ==
e37U0ZGmPBI7+vma4N3zX9ncsf/WdAyzdPnD8i8Y8BVjP2Bg3IQmB0ypGY05rCTk7e1FnD4rzTwNaX1EDIRN0ygtAizHj8E+NN3bcMQqufHcNIkMzDyOL5ATB1K0vlfEI7+mNA2YNWUIIz2TxH8K03rvcO0tLyo8nMHkemyGsAxOos9+S4Qwzs/G4JDB7/ds+as/RQm68c9az60QDUvjDsXko3dKsKfBn3H5q6m4JOVU07v6/kIPczNZZg==
ETK9gsUFxDc7HW8Y6sisJj2wK/BHZc6xEMtZMdXKZBt/+qfP1mEwtZXdOW5zTCC/fmRl+hqzr06+jOn6yokYxlmRlY26WhuyzEUtTO5RhgJLdZwWaiFYbU1xc6D8EQL8bnpnycJwbGa3WfOKLXEz0Ymzp4+r4Gvpfl2Bo7QpWvvGN1qAqBZQA/z+9jfOFIMMFhDD4GMkntLte+/K/mi3iOTc/IxBfIS0045hDtVctD//XduE/PNGDHEyWWE=
1zFmG9XoiiGYO6xM/PpZfT2wK/BHZc6xEMtZMdXKZBt/+qfP1mEwtZXdOW5zTCC/fmRl+hqzr06+jOn6yokYxlmRlY26WhuyzEUtTO5RhgJLdZwWaiFYbU1xc6D8EQL8bnpnycJwbGa3WfOKLXEz0Ymzp4+r4Gvpfl2Bo7QpWvvGN1qAqBZQA/z+9jfOFIMMFhDD4GMkntLte+/K/mi3iOTc/IxBdIW0045hDtVctD//XduE/PNGDHEyWWE=
K5lEVHOxayjVWXrkAgouyc9907W7iPnA3NDtyvZZcJyy7hMHOIucZbLUPcAqf7OkEMrCaIw1gYLFQqeEt8tFLVr06YI68fi+qelV9Uoi+8o8Pa00HilmersNXG6aWbgVvQlz2Axp4oSeAqexMgiMHkchc/LdCdOpectn91uYi5GOJYHbRFG6gzZPmvhYbrB7DIZ2Tz5sY3TmaAOYk1x+qh0D77IOEFfwFKQ89LEJYswi9uF2JSRURw8lG/wMi6Z0gUpZGQ==
VAQYaONKNzOT2u/aafW1sdncsf/WdAyzdPnD8i8Y8BVjP2Bg3IQmB0ypGY05rCTk7e1FnD4rzTwNaX1EDIRN0ygtAizHj8E+NN3bcMQqufHcNIkMzDyOL5ATB1K0vlfEI7+mNA2YNWUIIz2TxH8K03rvcO0tLyo8nMHkemyGsAxOos9+S4Qwzs/G4JDB7/ds+as/RQm68c9az60QDUvjDsXko3dJt6fAn3H5q6m4JOVU07v6/kIPczNZZg==
ryjkjciQmcOv6cKD7zlnKtncsf/WdAyzdPnD8i8Y8BVjP2Bg3IQmB0ypGY05rCTk7e1FnD4rzTwNaX1EDIRN0ygtAizHj8E+NN3bcMQqufHcNIkMzDyOL5ATB1K0vlfEI7+mNA2YNWUIIz2TxH8K03rvcO0tLyo8nMHkemyGsAxOos9+S4Qwzs/G4JDB7/ds+as/RQm68c9az60QDUvjDsXko3dJt6fHn3H5q6m4JOVU07v6/kIPczNZZg==
bw0S0h92ohnKGsdL4HnI5fJbXUiUgq2PCg24nrDLw/dVsGMCEW1+mxx17HLsfa0vyYU6LIow3REW+jOXvOqStYDVwz0SzVy7ONPAE11ikDhorVThp8pNd+WrfoC0VBsBjcOLRRSKKKf3od64hs3hST/Sn2aS8lrKs63CePb5I+cIGogBZR9vStC/o0iO1TB712K00elY3qIPgtOl7yFeCuFgAPmpLVT5ARpD0BPSgWa/4hiaLO7V+DgOmFkBHNGi3PWj+2sGSF2eVp1EWRM=
JaPD4pLGNe40JOt9NRDiT32/lMyWppwFDuwIZG4nfNW1rn66wt3ct3RkN5QAKySUmX3AzvjO0Yd59Wda03Dc0zl8UcKqG0F6St2Dl1OgGc1ophGYOOAWQf+bgmR388Z2dJTLt5OgGUf7k0XNV9UPRtN74tMBKSC/8llqaYr6bFCIMcDQ1t264osOGi7z+odCZoAxNS8Aqr7faohCbDbF8BjGKOGBpGHq/P2zo6te2NV+Hm08WWs=
HIBLrqXCT0F/61yDZgW9rT6mhbVP5YyNHDzxKQP556DNMohmHBCFUTu4ttbnBcROSXhLWzzthJHFe92+MFXV75V6bpsxDhzFWAudy56U/z+/GAV8WsuKlBt//sR1eJ3VgKO14yzfsmMiLwg9dQ8CLJTB7GpEpujcNmKXzvMk2L5HRmggaQ+PnKFrBxXR2hnfUs+lAGWru979pHsHs9QPdhbxcVvBGJxVjJNDqiZiJ2M7WW4=
r17Z/U6SwF3Kb1N70w3QgZuG7aCPMEfNZbOYpzIJ1l0kfClZ+5lPEEWyAJZ0sD3h4/hOhj8l7F5BeENLFM1cwT07BQ6I9b0fHfrmK5lu5LWAS6UbxnSXL7cYDWyyq1LEI7+mNA2YNWUIIz2TxH8K03rvcO0tLyo8nMHkemyGsAxOos9+S4Qwzs/G4JDB7/ds+as/RQm68c9az60QDUvjDsXko3dLtKfGnnH5q6m4JOVU07v6/kIPczNZZg==
dRwuZvIpNP7ntVeRoWzGiBYxLDJed8vSRCFqd+ckfNymkRJMH3Utwal8o9Lm+pKoK83VyHiKKT3qUkd4RUcS1UrNCwszIp7tW3P7mgBHfzYymbZ7k9eQrNHj8dhLoPRzBAiVDxCY28DTCe5D2/8i55x/zF/GYbu3rLAaQWL26h4mgPgSedLdHNaiKaYG/Ce3IcBPG4mJX2K3AxwP69xLk7XC89SVW53sQap4ER/HT6AyyWLjjfboWgl/NVlg
EAQCeME0xJuwyYH/h0ZaCCIsZH/QdZ+xecHKDKfFdSHBjCtSbko6CPO9LYig2hEdwkJPeE1XOvVyndNLy1JGTfPDcxqItxfWaikOO0uHaMw58/nYQ7Cck3zYzc+oKAOgO3lmw1NPikfEj7SfnrGDl4SgEkFq5sI+HlCg0gEihbx+EqEmjozP1/lw99vRWSeC3xMUD+PMo/NNkiuULevFDCla8JGXd+cA6rmao1Wm0Hohbz1ZaA==
nEKdt6cm5H47Y/RVEBQtOja2nsvGspkeF/pbI3Q8a8C1rn66wt3ct3RkN5QAKySUmX3AzvjO0Yd59Wda03Dc0zl8UcKqG0F6St2Dl1OgGc1ophGYOOAWQf+bgmR388Z2dJTLt5OgGUf7k0XNV9UPRtN74tMBKSC/8llqaYr6bFCIMcDQ1t264osOGi7z+odCZoAxNS8Aqr7faohCbDbF8BjGKOGBpGHq/P2zo6te2NV+Hm08WWs=
rH1vFwsgMkyepPG+b9mc5yIseXPWZ4S4ScHKDKfFdSHBjCtSbko6CPO9LYig2hEdwkJPeE1XOvVyndNLy1JGTfPDcxqItxfWaikOO0uHaMw58/nYQ7Cck3zYzc+oKAOgO3lmw1NPikfEj7SfnrGDl4SgEkFq5sI+HlCg0gEihbx+EqEmjozP1/lw99vRWSeC3xMUD+PMo/NNkiuULevFDCla8JGXd+cA6rmao1Wm0Hohbz1ZaA==
HLQu9imRECcsquI3Xu7RbKRA8W/8fpAlC6OOZ6A1ATOqlGjFwBzNIQfpg1iB8sTeuIAB2cfYap4jNeBWRXhHQxjdQNkZGyE2tMVxV9m6ImNVHhjNZCtBg1rkG6czmInkPjvOXEdfwsxxaHmtTON5W4hPNutez1T1MT8mNJjB4HJglqwUaoLrRne0fAaLBqRYjR+LlJ1LW92VKn1H3k8pmIHbf5YhhEcPt8RrjloxPeNliBjdcPOf4uJSA3s3WWI=
+xMj/RbsrpEaOVbIWUN4tagXN2iXqqfiXuX3R81pdqx7rYFxFTRnkiKybtjHlfHoXLIFLfZaQ3hBTw7FZvUvKxd6cp2nOz/axA/Dhp5B0pv3L/w8TWt1WM8oaOPocHFv9MB3cG/BqoOfN14X8Kfof+JZl6ewuB5BZv72Dgq43DJdCrHsqmptZkI0mweNmKt7bfGz8iuLmI9vVNcD2TqXNPGDMVz94rxR24+z0N6RRsOpzsRKFXcxWWQ=
QxcLHi4aOW8LpKAvsufbcakeKn+Rqe7wDuvrTcgoQuJ3t4lkFTRnkiKybtjHlfHoXLIFLfZaQ3hBTw7FZvUvKxd6cp2nOz/axA/Dhp5B0pv3L/w8TWt1WM8oaOPocHFv9MB3cG/BqoOfN14X8Kfof+JZl6ewuB5BZv72Dgq43DJdCrHsqmptZkI0mweNmKt7bfGz8iuLmI9vVNcD2TqXNPGDMVz94rxR24+z0N6RRsOpzsRKFXcxWWQ=
FopcZJw3eh3WIa0pYyBnx0ZbeYgQV9vKOTavRUNzg8MR2/+WoYTHDzfE647aMb3j5YiY3fDzH+JiUoN7t1ni
1Yo5lG7Ox5xengOPmS5L8FeX1X9hi81T5ufTYrTktwjkXPwMQfaANNQPYY7V3LS//93bBPxzRoxxslnh
oi3mEbaIlmzPV8UaMIJ26hGk/2LKYIdExGG2KHOj4Csj40cWH0CZy5866FLsJmWgWHYIUYEUQVo8LROzK044Bb7ujcxZmw==
OGoD/hUhPAXhWfW9JZnZGc9907W7iPnA3NDtyvZZcJyy7hMHOIucZbLUPcAqf7OkEMrCaIw1gYLFQqeEt8tFLVr06YI68fi+qelV9Uoi+8o8Pa00HilmersNXG6aWbgVvQlz2Axp4oSeAqexMgiMHkchc/LdCdOpectn91uYi5GOJYHbRFG6gzZPmvhYbrB7DIZ2Tz5sY3TmaAOYk1x+qh0D77IOEFfwFKQ89LEMYcwk9+F2JSRURw8lG/wMi6Z0gUpZGQ==
Qgsyfx8Q+sjt8FV8hFMM8PnGmHqweU9qu2gEff+f3MiIVFL/AGlVtQ388IwRjVm0ChvZJAFpcVwYtHn7NE3+RBPf9QZ4HZeIsPrtWWCUFWQ4TBq3HJOLyiBOIyy/Hxqc2cjBHcRj8avwr147Bg9sxRkfPiSQwehieLaEJFJCs5YfVAT2A4Ys6DW/I8RFC6OtfUplV9ZPIYiZOxdmWUQf3xtl0z7SsbWTnejwjaizp9LKchtrP1lq
yFywpG4uY+XCUy8lKnvfUmHuZu4MOYfuToNZJJzKZBt/+qfP1mEwtZXdOW5zTCC/fmRl+hqzr06+jOn6yokYxlmRlY26WhuyzEUtTO5RhgJLdZwWaiFYbU1xc6D8EQL8bnpnycJwbGa3WfOKLXEz0Ymzp4+r4Gvpfl2Bo7QpWvvGN1qAqBZQA/z+9jfOFIMMFhDD4GMkntLte+/K/mi3iOTc/IxBfIG01o9hDtVctD//XduE/PNGDHEyWWE=
dlSvmjfAX5OyVVTV7Qm0k1+vNrNbYnS9oxAXm8CsNq7+MW4jgWrfdLnzQj2VfqTRwx+bcOYhjgNhHhyq/YfJWZw=
UUcr9tgFsMCFB1YpM/oy7OZhOSEaYXpeJ5oQXceIiwtMJLIuernisx3yOxRdi7VOWTZgkQdXV0DaGaojRQYAuvGPzVmY
GVEi5dz/2o1Gpq06eL1AsnSfsbOi6cc9dtXJJ6lkTmaJVhk+TnPN+uujhVVUWVqoG+ZWKTst2dVHWjBdJ0jri+xkUi4aeUIz/bJbFH3LV8859kCR5xf3wHpZSiNlxqA6Ec/tWbg=
H95DS3+3gJagv4hxVVqH40pkJH2bwH6ZnVKJ9N5L+0LfDXLi+Y2m3o2cku6kQkN9J3FXxdLaUbp4yRUx1+1JRj4tCVQFs4I4nO7UJSyLEy71ZPNX3nW3Y+lxSUu5eLSFBFNLGk4Cf9PjWbY=
6EjjBCbhm/+freMrAP3SGAioKyaskPwGZT3n9asRGw32ylWipIlJqVN9LY7yDQVc4YPGgGBuqJ3ou3cm+US/Hz/nM/s1sRVTvWiQzcizx5Lq8jur31mK
o6rj6+wB4U6M+daZ8zMfdn8SifhTTw4iiIn5Qq9CgXK8N0XW8ogXQRqdzhNLqXdYROx8vOEsw+Sx+GF+tQz0b19tW7RcI4bckcJZkQ==
w21zeArhyans+TmUauwhR3WfsbOi6cc9dtXJJ6lkTmaJVhk+TnPN+uujhVVUWVqoG+ZWKTst2dVHWjBdJ0jri+xkUi4aeUIz/bJbFH3LUsg5/0eR5xf3wHpZSiNlxqA6Ec/tWbg=
nAsZtkLYojdfjXROQ7S3W+Vamc91CioDny48KShNON1IM1eh5m5OFSBSCxwUYiLa9fGxwcGpZEK3Ft6ps50xNf8qaJ3fmLPrxHRaLhJpatMl4iNUpTvqrFFOzxFvZ19ggukSY10WeBp53+VZsA==
TSuzFYpMkJEXE3mrLrbyzOfM4fLj9tYzWCjBrK9iKUzbw76GcNW5lsdukXakCyUiusTnJaIBTofjxaccHBBciOkr8cDIJKEqXaBk68fRu8CU7/Y4qd5ZhQ==
I+pniNONgKLtOwsIuvwq8n8SifhTTw4iiIn5Qq9CgXK8N0XW8ogXQRqdzhNLqXdYROx8vOEgweSw+GF+tQz0b19tW7RcI4bckcJZkQ==
LzWLSnmoNg1HxzmyiGp61XWB3sjX04I3dtHFPY1kVCScQhkVQ2Xd/u6ygQFKWVqoG+ZWKTst2dVHWjBdJ0jri+xkUi4aeUIz/bJbFH3LXsw5/UeR5xf3wHpZSiNlxqA6Ec/tWbg=
1bZDeU4cYwrndjOATxaFqdbJwajBZn3y7oVmrWD2rZ3ACXNAlUQOHBIumYKVmp2vKzxaKOveGmn31W2FE/LM/bsgX3t4/N6uluHWQ0lax7QBY4EejYULUSsvg5CusXZDee5UCgXX4Vm0
F8rDryHOT3wzmH11+4IBUuX5H6TWp/rmzCrO1u/ZskcO29myzoNwNWX4whRGdk6tBPJ8Eo7w/0dtKig4D9GSnsUxRpwjAR4qeAaXcApT+KdryPwgeWPJuoyqhqA8KmcCFpGkRvAVuVZHrpE2JEslYjqE5+UiwU5HYwWnXJxQXMhpbfEATeSh6t1gZKtHkbuAFK/2+CkeWUU=
T+ZaJdbN5CxcSr+zrw+UcF59rviPHvpp1xXNBfMyrP1bYP/72Lw+rvYhdsPpmqe04SPrnS3DK1FLb2MQDnFWQ1kuNIrll8FZlA==
8BcMDSPhOSprQ13x8JX3AEmvNrNbYnS9oxAXm8KsNq7+MW4jgWrfdLnzTD6Vc6PRwx+bcOYhjgNhHhyq/YfJWZw=
mhiIE4l3Vn/C+WTf2dqakV+vNrNbYnS9oxAXm8KsNq7+MW4jgWrfdLnzST+Vc6PRwx+bcOYhjgNhHhyq/YfJWZw=
60Tg2nLJjhrmtbDkFKK/8uZhOSEaYXpeJ5oQXceIiwtOJLIuernisx3yOxRdi7NPWTtnkQdXV0DaGaojRQYAuvGPzVmY
KlyHCh0GRYrUaNudipb34XWfsbOi6cc9dtXJJ6lkTmaJVhk+TnPN+uujhVVUWVqoG+ZWKTst2dVHWjBdJ0jri+5kUi4aeUIz/bJbFH3LU8w5+keR5xf3wHpZSiNlxqA6Ec/tWbg=
ULmO5oU0HWUjTh8iTnfFIuVamc91CioDny48KShNON1MLkmi+nBPFSBSCxwUYiLa9fGxwcGpZEK3Ft6ps50xNf8qaJ3fmLPrxnRaLhJpatMl4iNUpTvrr1FKzxFvZ19ggukSY10WeBp53+VZsA==
ezTMLb+0gPeTBY/VDvwTa+fM4fLj9tYzWCjBrK9iKUzbw76GcNW5lsdukXakCyUiusTnJ6IBTofjxaccHBBciOkr9MDMJKEqXaBk68fRu8CU7/Y4qd5ZhQ==
Wt6Wm8A2C+YokQphJuSVAn8SifhTTw4iiIn5Qq9CgXK8N0XW8ogXQxqdzhNLqXdYROx8vOEhxOS0+GF+tQz0b19tW7RcI4bckcJZkQ==
fuuQudU2a8C7Kzdwtnn4CnSfsbOi6cc9dtXJJ6lkTmaJVhk+TnPN+uujhVVUWVqoG+ZWKTst2dVHWjBdJ0jri+5kUi4aeUIz/bJbFH3LVsk5+keR5xf3wHpZSiNlxqA6Ec/tWbg=
tvaxldc3mMDTV5K23PNPql9cu0BwAn+f0HznjX5p6vk/hXIG6kGsg9FvEEpc16TvlrKriBkKZzE26CQPWYDLTGnIwIG1hOaWzymWew5xT0c/wtg6LI4VGLxuW74BfJFCXJXjG2umCH0edt3kWbM=
bkpHqsX0CCLlAEvorqh3cgioKyaskPwGZT3n9asRGw32ylWipIlJqVN9LY7yDQVc4YPEgGBuqJ3ou3cm+US/Hz7hM/01sRVTvWiQzcizx5Lq8jur31mK
8rpJKuDR+RpAL9v2SyTyBn8SifhTTw4iiIn5Qq9CgXK8N0XW8ogXQxqdzhNLqXdYROx8vOEgxeS3+GF+tQz0b19tW7RcI4bckcJZkQ==
nBa6LHdLYQmHOyJL/1ULs7DTc2+YhAVPiwGbHPXGGhHgQwBYVYCjgLIpSEhZEZevnFS0h9kIW/QJkHBJdcyWzu/RhnMOeV+/H5qocuxGpUbZ1so2gfQB+rxNU1MrbvilPg7N7Fm7
k95S33XaG4cvT5VACkSqvOf2oNDO2qrWTn6cxY+XnweHiFkkOyQMrILN3FdkJlZEJPbHlt69lIJIqflib+IBknxXRTay6JfjWr3OMwsJ9zgEDHzcIcBERHbYYV51rHSPnw1bVBxDBnzR4lmx
fauGYc9KseVHa/QXBDIvKEH8mBQuQsC8tzhSH9xUXLOZvLNwmXS4PVU4nqo/Fe7Hjs03e8/+oIbMMm2kSFItgsHA6f6sqZsni5pwwe7KpdhZjw==
xAkb1JXOoFk56+u/oUIlL5gDrqJCVPAFECFzAiVu8LH5E2C9BUufb9fNCXaNpvMMLAUlIc4pm4LU2fsLor+i9/P+ftE+Byhzp7+bCUI/0KjSmK+Qzv1pF0t9FKpAjTne11YxnlQT5arqvIePEtlOT3N9h3RsiByAOdkR6PF8IWJNmMQDN8l7SMSXlpAZBllN
uSl9srMrFrbbOglH9FgCXF59rviPHvpp1xXNBfMyrP1bYP/72rw+rvYhdsPpmqe04SPhni3PK1FLb2MQDnFWQ1kuNIrll8FZlA==
Ru3MtOkFhINnfrDgAJMMneZhOSEaYXpeJ5oQXceIiwtMJLIuernisx3yOxRdi7NPWTdnkQdXV0DaGaojRQYAuvGPzVmY
bAltNucHGZzl2EYNkNsIKJtcOubam4vppJiOiODEz1yim1uz08YVemvrmwFg1nVwv+3NBYrEvJBlL/hwDvK4vbOyGvTOYDTh+l/KgP6Q96zFk0s0JFFAPSggebJcCfG5Ox21vvrNjYzZo67wOG5wbQCbT3ZxBLcvoQDb440xbUOVyAg9wHNPwpKSkxsHWVI=
EWKi/CLtxV0N2vegAR7d+F59rviPHvpp1xXNBfMyrP1bYP/72Lw+rvYhdsPpmqe04SPlmC3PK1FLb2MQDnFWQ1kuNIrll8FZlA==
aG2lGJOjW36VuaLxzLTVX+ZhOSEaYXpeJ5oQXceIiwtMJLIuernisx3yOxRdi7RPWTZnkQdXV0DaGaojRQYAuvGPzVmY
8O00rJgsTngSkyrMixoe5QFh3o9tI0KIU1a+qZPdkbVfakid/9hTa6Q0ui5yqYpTRSIDVIX7Synxhu8Rj6c/4GKpcmO9Vtia2Z/FWZA=
Wepz7bHywvfd0OEfA0MPgnWfsbOi6cc9dtXJJ6lkTmaJVhk+TnPN+uujhVVUWVqoG+ZWKTst2dVHWjBdJ0jri+xkUi4aeUIz/bJbFH3LVc45/0aR5xf3wHpZSiNlxqA6Ec/tWbg=
CGXEgJwjNRskHjC/l253mOVamc91CioDny48KShNON1MMVej5W5PFSBSCxwUYiLa9fGxwcGpZEK3Ft6ps50xNf8qaJ3fmLPrxHRaLhJpatMl4iNUpTvsqVFPzhFvZ19ggukSY10WeBp53+VZsA==
UZ1szV4M/+MRlX5d5ttf3fctPS4bZ3pDJ5oQXceIiwtMJLIuernisx3yOxRdi7VMWT1mkQdXV0DaGaojRQYAuvGPzVmY
SnK52hjkyF6qVlEORIWKezafnKIMG/H1zg0kDmmAjeFuiWZuK4LkPROwx9swzCau7tEe49HKb/Qpk7l8RVWS0bP/y7BWgR6DkX7M6s2n2VmM
3ykUm685fwHGPsQJnrrj/XWfsbOi6cc9dtXJJ6lkTmaJVhk+TnPN+uujhVVUWVqoG+ZWKTst2dVHWjBdJ0jri+xkUi4aeUIz/bJbFH3LVcw5/UaR5xf3wHpZSiNlxqA6Ec/tWbg=
+HbdDDZnaGQTsguaD7Wc9wNb46QZaifRtohk71ngC6zpqABhtaQmNk+LVlsOUY/nv2IYGixu1X44jp/fAZzRItx1o3trhkjdntadxFmT
MaGsiDMfLztWOf/TFVQAbHSfsbOi6cc9dtXJJ6lkTmaJVhk+TnPN+uujhVVUWVqoG+ZWKTst2dVHWjBdJ0jri+xkUi4aeUIz/bJbFH3LU8w5/UaR5xf3wHpZSiNlxqA6Ec/tWbg=
E6Tw+REyhHgZFDlFpIcZggNb46QZaifRtohk71ngC6zpqABhtaQmNk+LVlsOUY/nv2IYGixu1X84jp/fAZzRItx1o3trhkjdntadxFmT
FFRKGOnVNh/gQ4be+0fCznefsbOi6cc9dtXJJ6lkTmaJVhk+TnPN+uujhVVUWVqoG+ZWKTst2dVHWjBdJ0jri+xkUi4aeUIz/bJbFH3LUsw5/UaR5xf3wHpZSiNlxqA6Ec/tWbg=
E6Tw+REyhHgZFDlFpIcZggNb46QZaifRtohk71ngC6zpqABhtaQmNk+LVlsOUY/nv2IYGixu1X84jp/fAZzRItx1o3trhkjdntadxFmT
NT9yxG5ekg2m4RgcJtZDgXSfsbOi6cc9dtXJJ6lkTmaJVhk+TnPN+uujhVVUWVqoG+ZWKTst2dVHWjBdJ0jri+xkUi4aeUIz/bJbFH3LUsw5/UaR5xf3wHpZSiNlxqA6Ec/tWbg=
2k6qZJ5Fu0q6LO2p86EFSANb46QZaifRtohk71ngC6zpqABhtaQmNk+LVlsOUY/nv2IYGixu1Xw4jp/fAZzRItx1o3trhkjdntadxFmT
0b34i7c0tved1IJiZynHWnWfsbOi6cc9dtXJJ6lkTmaJVhk+TnPN+uujhVVUWVqoG+ZWKTst2dVHWjBdJ0jri+xkUi4aeUIz/bJbFH3LUcw5/UaR5xf3wHpZSiNlxqA6Ec/tWbg=
axBRJiTak4au+06MBtVQEdamLx0qg5aofR4egem5bCLvxkYpK03pFfc6gN23KDtLvESiLmpZknOtUsuUzSvgjAkdVpH3N4eAivk6o/Vm8PrBr91ZiA==
TNn8EVeA2iOPewiK0OYiQ9PSw6jBZnjp7IVkrWTrs4HCFmIF3FoPHBBq3srZiZXhJXFIMuveGmn31W2FE/LM/bsgX3t4/N6uluHWQ0lax7QBY4QdjYUKUSsvg5CusXZDee5UCgXX4Vm0
Uynkl6G1xb0musmMhBUgHOVamc91CioDny48KShNON1IM1eh5m5OFSBSCxwUYiLa9fGxwcGpZEK3Ft6ps50xNf8qaJ3fmLPrxHRaLhJpatMl4iNUpTvsrlFNzhFvZ19ggukSY10WeBp53+VZsA==
VfRcMJ+0Pv6cAkxGIwkWPQNb46QZaifRtohk71ngC6zpqABhtaQmNk+LVlsOUY/nv2IYGixu1X86jp/fAZzRItx1o3trhkjdntadxFmT
iPuHvqfcrvTJNy3VgY8mlHSfsbOi6cc9dtXJJ6lkTmaJVhk+TnPN+uujhVVUWVqoG+ZWKTst2dVHWjBdJ0jri+xkUi4aeUIz/bJbFH3LUs45/UaR5xf3wHpZSiNlxqA6Ec/tWbg=
6jmSC4CVXnVof5L4EPSn7C0QrzrTEkUMChuPagPtTortvVLGgZye9lByVxUbkYvtpoqFQrSJWYkDPf0uYo31/JHDNqAQbli9mHuHhonEL79vJ+PZJLEFM+2oQK1YM3fyWjILy+9Zug==
qaur4OJSA2l4IoGfn2CdrEpkJH2bwH6ZnVKJ9N5L+0LfDXLi+Y2m3o2cku6kQkN9J3FXxdLaUbp4yRUx1+1JRj4tCVQFs4I4nO7UJSyLEy71ZPNX0Xe3YehxSUu5eLSFBFNLGk4Cf9PjWbY=
bV/BotoAiQ/0lIl1uLG11tamLx0qg5aofR4egem5bCLvxkYpK03pFfc6gN23KDtLvESiLmpZknOtUsuUzSvvjwkdVpH3N4eAivk6o/Vm8PrBr91ZiA==
9JAF0HONDjAB3VfBGDPAw38SifhTTw4iiIn5Qq9CgXK8N0XW8ogXQRqdzhNLqXdYROx8vOEkwuSy+WF+tQz0b19tW7RcI4bckcJZkQ==
uqJX4m8fce3gaKrwiHfwMHWfsbOi6cc9dtXJJ6lkTmaJVhk+TnPN+uujhVVUWVqoG+ZWKTst2dVHWjBdJ0jri+xkUi4aeUIz/bJbFH3LXs45/EaR5xf3wHpZSiNlxqA6Ec/tWbg=
xkvdQhCJIjDF6TE/u2v9AOVamc91CioDny48KShNON1MMVej5W5PFSBSCxwUYiLa9fGxwcGpZEK3Ft6ps50xNf8qaJ3fmLPrxHRaLhJpatMl4iNUpTvpqVFLzhFvZ19ggukSY10WeBp53+VZsA==
SNK/GX24Ivc+G2YKqLWa5+fM4fLj9tYzWCjBrK9iKUzbw76GcNW5lsdukXakCyUiusTnJaIBTofjxaccHBBciOkt8MDMJaEqXaBk68fRu8CU7/Y4qd5ZhQ==
UsdEtq6tqB6twYNZtUgw2n8SifhTTw4iiIn5Qq9CgXK8N0XW8ogXQRqdzhNLqXdYROx8vOEiwOS0+WF+tQz0b19tW7RcI4bckcJZkQ==
MZAnDai1HMrqTLPOwkWGHHSfsbOi6cc9dtXJJ6lkTmaJVhk+TnPN+uujhVVUWVqoG+ZWKTst2dVHWjBdJ0jri+xkUi4aeUIz/bJbFH3LVs05+kaR5xf3wHpZSiNlxqA6Ec/tWbg=
yDQD5EXTrxYU9FwXXYn33EpkJH2bwH6ZnVKJ9N5L+0LfDXLi+Y2m3o2cku6kQkN9J3FXxdLaUbp4yRUx1+1JRj4tCVQFs4I4nO7UJSyLEy71ZPNX0Ha3ZuhxSUu5eLSFBFNLGk4Cf9PjWbY=
LWEM3ejSgShTZWJi20WD0AioKyaskPwGZT3n9asRGw32ylWipIlJqVN9LY7yDQVc4YPGgGBuqJ3ou3cm+US/HzrnM/40sRVTvWiQzcizx5Lq8jur31mK
oPyHKttGrP1KBzZI3zh9tX8SifhTTw4iiIn5Qq9CgXK8N0XW8ogXQRqdzhNLqXdYROx8vOEtw+S0+WF+tQz0b19tW7RcI4bckcJZkQ==
aW3UPrbnK2yKuYCR1KxIu3WB3sjX04I3dtHFPY1kVCScQhkVQ2Xd/u6ygQFKWVqoG+ZWKTst2dVHWjBdJ0jri+xkUi4aeUIz/bJbFH3LUsk5+kaR5xf3wHpZSiNlxqA6Ec/tWbg=
Hg0JYMVKeSIMu6JvzVArq9bJwajBZn3y7oVmrWD2rZ3ACXNAlUQOHBIumYKVmp2vKzxaKOveGmn31W2FE/LM/bsgX3t4/N6uluHWQ0lax7QBY4UdjYEKUSsvg5CusXZDee5UCgXX4Vm0
skn26mZdTdHBdNGkgkznmUH8mBQuQsC8tzhSH9xUXLOZvLNwmXS4PVU4nqo/F+7Hjs03e8/+oIbMMm2uSVIjg8HA6f6sqZsni5pwwe7KpdhZjw==
CXfYMPHfFbKcEdW1GbXS5lIo5aMOHPtfguCYt7eliQVsUG+g5q67cjJtVBrgXTkuN8bxrnRDZdqKrMc9sglOv5PtR0RM2JzwWcFSWF+tIZKtCAQzF5n7OKSH1iC51lm9
SGf/SDw+hFfdUKO8tJ99NJtcOubam4vppJiOiODEz1yim1uz08YVemvrmwFg1nVwv+3NBYrEvJBlL/hwDvK4vbOyGvTOYDTh+l/KgP6Q96zFk0s0JFFAPSggebJcCfG5Ox21vvrNjYzZo67wOG5wbQCbT3ZxBLcvpAXb7IwxbUOVyAg9wHNPwpKSkxsHWVI=
6FIBXdfffzMZjgpHNuHBl159rviPHvpp1xXNBfMyrP1bYP/72Lw+rvYhdsPpmqe04SPnnS3AKlFLb2MQDnFWQ1kuNIrll8FZlA==
BsXy3EFgUjRLUwX9POphzfctPS4bZ3pDJ5oQXceIiwtOJLIuernisx3yOxRdi7RJWThmkQdXV0DaGaojRQYAuvGPzVmY
7EMwEAWMR/P3kl3T42PkFzafnKIMG/H1zg0kDmmAjeFuiWZuK4LkPROwx9syzCau7tEe49HKb/Qpk7h5RVCS0bP/y7BWgR6DkX7M6s2n2VmM
9Bi9vo0kiMBJuYWjA2uR8XWfsbOi6cc9dtXJJ6lkTmaJVhk+TnPN+uujhVVUWVqoG+ZWKTst2dVHWjBdJ0jri+5kUi4aeUIz/bJbFH3LVMk5+EaR5xf3wHpZSiNlxqA6Ec/tWbg=
oa8Rwiir7Xc5lza5NZksINamLx0qg5aofR4egem5bCLvxkYpK03pFfc6gN23KDtLvkSiLmpZknOtUsuUzSviiQkYVpH3N4eAivk6o/Vm8PrBr91ZiA==
jdySpgcfN8i0/00LbcAc/dPSw6jBZnjp7IVkrWD2rYLeCGMF3FoPHBBq3srZiZXhJXFIMuveGmn31W2FE/LM/bsgX3t6/N6uluHWQ0lax7QBY4YcjY8KUSsvg5CusXZDee5UCgXX4Vm0
k3izwgGNxsdr11pty26zLOVamc91CioDny48KShNON1MLkmi+nBPFSBSCxwUYiLa9fGxwcGpZEK3Ft6ps50xNf8qaJ3fmLPrxnRaLhJpatMl4iNUpTvtrVFHzhFvZ19ggukSY10WeBp53+VZsA==
R8fFfQz1R/pQBeq9XwRLSQNb46QZaifRtohk71ngC6zpqABhtaQmNk+JVlsOUY/nv2IYGixu1X45jpXfAZzRItx1o3trhkjdntadxFmT
tMWnRuGtyJztgK3l6JgNi3SfsbOi6cc9dtXJJ6lkTmaJVhk+TnPN+uujhVVUWVqoG+ZWKTst2dVHWjBdJ0jri+5kUi4aeUIz/bJbFH3LU80590aR5xf3wHpZSiNlxqA6Ec/tWbg=
EIRAlEeEbyBwZ7jfEoQCO19cu0BwAn+f0HznjX5p6vk/hXIG6kGsg9FvEEpc16TvlrKriBkKZzE26CQPWYDLTGnIwIG1hOaWzymWew5xT0c/wtg6LI4VE7luVb8BfJFCXJXjG2umCH0edt3kWbM=
Xl1dYCwuppRstQvAQ0kF719cu0BwAn+f0HznjX5p6vk/hXIG6kGsg9FvEEpc16TvlrKriBkKZzE26CQPWYDLTGnIwIG1hOaWzymWew5xT0c/wtg6LI4VGLpuVb8BfJFCXJXjG2umCH0edt3kWbM=
dogZ3OgZIzzwQMHpEO5izNamLx0qg5aofR4egem5bCLvxkYpK03pFfc6gN23KDtLvkSiLmpZknOtUsuUzSvljgkXVpH3N4eAivk6o/Vm8PrBr91ZiA==
1LLnhrdMn259Vq0cZs+GEANb46QZaifRtohk71ngC6zpqABhtaQmNk+JVlsOUY/nv2IYGixu1Xk7jpXfAZzRItx1o3trhkjdntadxFmT
h1k1SRAZY9AJi3DCkBDcY3WfsbOi6cc9dtXJJ6lkTmaJVhk+TnPN+uujhVVUWVqoG+ZWKTst2dVHWjBdJ0jri+5kUi4aeUIz/bJbFH3LVM8590aR5xf3wHpZSiNlxqA6Ec/tWbg=
suuwCJCGmLy4zCPqCdruXANb46QZaifRtohk71ngC6zpqABhtaQmNk+JVlsOUY/nv2IYGixu1X47jpXfAZzRItx1o3trhkjdntadxFmT
tDrfhtpRzvHz+uIg4Hr7anSfsbOi6cc9dtXJJ6lkTmaJVhk+TnPN+uujhVVUWVqoG+ZWKTst2dVHWjBdJ0jri+5kUi4aeUIz/bJbFH3LU88590aR5xf3wHpZSiNlxqA6Ec/tWbg=
P6mREyrGqGPK5aW+4fYOiX8SifhTTw4iiIn5Qq9CgXK8N0XW8ogXQxqdzhNLqXdYROx8vOElxOS5+WF+tQz0b19tW7RcI4bckcJZkQ==
yixhta29v+39i6/hTkriJXWfsbOi6cc9dtXJJ6lkTmaJVhk+TnPN+uujhVVUWVqoG+ZWKTst2dVHWjBdJ0jri+5kUi4aeUIz/bJbFH3LVsk590aR5xf3wHpZSiNlxqA6Ec/tWbg=
39XL5+3okladV1x5ASETBOVamc91CioDny48KShNO91MMVej5W5PFSBSCxwUYiLa9fGxwcGpZEK3Ft6ps50xNf8qaJ3fmLPrxnRaLhJpatMl4iNUpTvnrVFGzhFvZ19ggukSY10WeBp53+VZsA==
4I+TG4+ChkO/+p4pM9uarOfM4fLj9tYzWCjBrK9iKUzbw76GcNW5lsdukXakCyUiusTnJ6IBTofjxaccHBBciOkg8sDAJaEqXaBk68fRu8CU7/Y4qd5ZhQ==
wbIgyJpTtyXXine/lD/sx38SifhTTw4iiIn5Qq9CgXK8N0XW8ogXQxqdzhNLqXdYROx8vOEtwuS4+WF+tQz0b19tW7RcI4bckcJZkQ==
n/pqeiYUw8hCRZ80TkBCh3SfsbOi6cc9dtXJJ6lkTmaJVhk+TnPN+uujhVVUWVqoG+ZWKTst2dVHWjBdJ0jri+5kUi4aeUIz/bJbFH3LU8859kaR5xf3wHpZSiNlxqA6Ec/tWbg=
cNUMGHmytAGhiBJ50BHut19cu0BwAn+f0HznjX5p6vk/hXIG6kGsg9FvEEpc16TvlrKriBkKZzE26CQPWYDLTGnIwIG1hOaWzymWew5xT0c/wtg6LI4VErxuVL8BfJFCXJXjG2umCH0edt3kWbM=
v/tukl4CGHeGxNCNR4dSagioKyaskPwGZT3n9asRGw32ylWipIlJqVN9LY7yDQVc4YPEgGBuqJ3ou3cm+US/HzjhM/I0sRVTvWiQzcizx5Lq8jur31mK
LWBu92NLhQTDrYpEuO48i38SifhTTw4iiIn5Qq9CgXK8N0XW8ogXQxqdzhNLqXdYROx8vOEixeS4+WF+tQz0b19tW7RcI4bckcJZkQ==
QhkEaca2b8R2XjIBcsWnEbDTc2+YhAVPiwGbHPXGGhHgQwBYVYCjgLIpSEhZEZevnFS0h9kIW/QJkHBJdcyWzu/RhnMOeV+/H5qocuxGpUbZ1s0ygfUB+rxNU1MrbvilPg7N7Fm7
2gn5BjWGTPCRmkkde8uVoef2oNDO2qrWTn6cxY+XnweHiFkkOyQMrILN3FdkJlZEJPbHlt69lIJIqflib+IBknxXRTay6JfjWr3OMwsJ9zgEDHzcIcZDRHHcYV91rHSPnw1bVBxDBnzR4lmx
01M9BgwpMQz1y8SUa+4HT0H8mBQuQsC8tzhSH9xUXLOZvLNwmXS4PVU4nqo/Fe7Hjs03e8/+oIbMMm2vS1IlhsHB6f6sqZsni5pwwe7KpdhZjw==
cNcWO37uTKLFfPGyeVVK5JgDrqJCVPAFECFzAiVu8LH5E2C9BUufb9fNCXaNpvMMLAUlIc4pm4LU2fsLor+i9/P+ftE+Byhzp7+bCUI/0KjSmK+Qzv1pF0t9FKpAjTne11YxnlQT5arqvIePEtlOT3N9h3RsiByAOdgV6Pl4IWNNmMQDN8l7SMSXlpAZBllN
WLqt5b9kzRSlrDh3bMEOil59rviPHvpp1xXNBfMyrP1bYP/72rw+rvYhdsPpmqe04SPjnC3GL1FKb2MQDnFWQ1kuNIrll8FZlA==
kUL+p06iKHGA9oN8T6814R6iLTy2mLABajK18eJFWUqw0xHluoBPtRB2LY7yDQVc4YPGgGBuqJ3ou3cm+US/HzTkM/gxsRRTvWiQzcizx5Lq8jur31mK
9g8AxWiLrXKYKFagmcX5iGID3LQICRdmz5fwRLMBl3K8N0XW8ogXQBqdzhNLqXdYROx8vOEhxeS1/GF/tQz0b19tW7RcI4bckcJZkQ==
GAJf1z5SznsCtxTFwFQ3hUQAquFfOX3Y/9dm8krhFu/iqABhtaQmNk+LVlsOUY/nv2IYGixu1Xw7jpjaAZ3RItx1o3trhkjdntadxFmT
HY+2o91Nu1lZcj4/nTGB+l+vNq5bYnS9oxAXm8CsNq7+MW4jgWrfdLnzQj+VcqfRwh+bcOYhjgNhHhyq/YfJWZw=
opsa4SpqxLSmOvpkvSkY5uZhOSEaYXpeJ5oQXceIiwtMJLIuernisx3yOxRdi7RIWTpjkQZXV0DaGaojRQYAuvGPzVmY
XKnICgASJcH8mq32ffmGlE3/cGTin6wBa3O14LZEV1awgFGipIlJqVN9LY7yDQVc4YPGgGBuqJ3ou3cm+US/HzvgM/4xsRRTvWiQzcizx5Lq8jur31mK
OCN2XTDAFkVHZlthYpbNxxbSBF88/aMyZdqrvNX1Q8+TjZ31WiM4dOT0uOmDYbkK8EmdwX+NEfbG7VEEPVOqKJTu3DUE6yv+LSSL5weVHxVl8cD70dhsdbwTE8q2IhfD61m+
bYMy/okoxCcYEZF6JGxHQ04rfkWsy9XFwKwpVEWM1rmAazik5TMI5MSM4deVjpDnohN8PFgUJGEH8R3yPAnR+ZudFf7aza3MeSMOsBhuUK2gG++2UQSX7wOHey2pMYyDdUjo/SBzrwJyEnPb51my
UYqOSJtlIjslWAV70y5bS0TUr4cGISzT13JF7sBNOR5XFjHe1NPlamr8h82SGU6P8z2HNOxIHEC5kBSof7gho83YxEO3CXuIRNeW0JnGWY0=
F5Yrs+SIFZhUt8PfDS+zfyd420OS4om7vbaIN0A8koqCk1wkaLmEVqiZ+VKPMkHC3KfFRhI4V7E6jc4Da1k36KR8/CyBkAWUl+xhb5V8NN8//dskvJPGLLHSWYE=
vxOXqEd/NDtCYoTXtXko4E3/cGTin6wBa3O14LZEV1awgFGipIlJqVN9LY7yDQVc4YPGgGBuqJ3ou3cm+US/Hz7lM/wxsRRTvWiQzcizx5Lq8jur31mK
fdQnp2y1Aiiv2g0Xa9RMNef2oNDO2qrWTn6cxYuKiQOEiFosKmAR6J3azVIrd18LbuXMz8+mlYJIqflib+IBknxXRTay6JfhWr3OMwsJ9zgEDHzcIcxDRHbcYV91rHSPnw1bVBxDBnzR4lmx
Z127GjkYKarz0f261ZJjft7PQRYz/SBvHn6F1nfom2xGBRAXuwZnwZZZWvR/awsODls8a+KAxuS63ZmJg06i6Q9FxeVLQgQ9c3AnW1AMxq6Okf5jsYqP9EnTWPwlH3fRkr9rMPbBPoOxPmxqbef5Waw=
6HcrS6J/E9Q0GC0oJl2D2ETUr4cGISzT13JF7sBNOR5XFjHe1NPlamr8h82SGU6P8z2HNOxIHEC5lxGocbgho83YxEO3CXuIRNeW0JnGWY0=
uSnimqpSfFPwDRkur3RTHF+vNq5bYnS9oxAXm8KsNq7+MW4jgWrfdLnzQz6Vf6fRwh+bcOYhjgNhHhyq/YfJWZw=
j/LdKcQG0kr574itDnNv6+ZhOSEaYXpeJ5oQXceIiwtOJLIuernisx3yOxRdi7ZPWTdjkQZXV0DaGaojRQYAuvGPzVmY
gHkfkhImltiw+bPMeOJp8jM1IiFf7cOsN2guzYyeLH9cJJR32Xh7BEnA0Nn1XHYer+FmQw5Jv49fSkjibNYFFZwm5UKBBSGKfJ3zw6v+mPX+Pq3cWYs=
CGoCVZAYa/sJcvtkimwwlnWAsLKis5plNZ6Tat0wQ23FQxUNG3ncu674kkRORRX5H+ZWKTst2dVHWjBdJ0jri+5kUi4aeUIz/bJbFH3LX8059kOR5hf3wHpZSiNlxqA6Ec/tWbg=
2MpNmr9LwNSZsO3luKZlj+ZtKCBtjxbcl8Lcxrw+RFSspc27Uc9E3RVBn5ewOClKTs2d+aetyo+8gQNkXbQc05lccxAZlHhdVRheCr+1LueO7ffbT15gpsxSrUDLMuxmwaGpHizJ28eLujBhbmrl+Fmv
Oplms+kVmdS+jpd6G9mi5d7PQRYz/SBvHn6F1nfom2xGBRATphhk3YhYWvR/awsODls8a+KAxuS63ZmJg06i6Q9FxeVLQgQ9c3AnW1IMxq6Okf5jsYqP9EnTX/klHnfRkr9rMPbBPoOxPmxqbef5Waw=
Zf/Yv+hYywAJItjOi1QtDUTUr4cGISzT13JF7sBNOR5XFjHe1NPlamr8h8+SGU6P8z2HNOxIHEC5lhWocLgho83YxEO3CXuIRNeW0JnGWY0=
0I8rm6GVy5iZsJC3KNe652ID3LQICRdmz5fwRLMBl3K8N0XW8ogXQBqdzhNLqXdYROx8vOElwuSx/WF/tQz0b19tW7RcI4bckcJZkQ==
TBsrIQjklORr53aff9wuODdVtFJQxbmG577RpgSbpbIaFKf3ghFOl8MV58y8gNwYSfqzEOkxoTt9cCQ7Z0E7UDQ/tuiJzlmV
TS6+0/tcF900WafZNexoxl59rviPHvpp1xXNBfMyrP1bYP/72rw+rvYhdsPpmqe04SPgny3HLlFKb2MQDnFWQ1kuNIrll8FZlA==
Tm5FxJJpGAsFnYO7Ma6I0mID3LQICRdmz5fwRLMBinK8N0XW8ogXQxqdzhNLqXdYROx8vOEkxOSx/WF/tQz0b19tW7RcI4bckcJZkQ==
ikLEfjdc58MMk9uwz5UpYDafnKIMG/H1zg0kDmmAjeFuiWZuK4LkPROwx9syzCau7tEe49HKb/Qpk7t5RVeW0bL/y7BWgR6DkX7M6s2n2VmM
Q0A9i6bpVkPDgYlnaiJygHWfsbOi6cc9dtXJJ6lkTmaJVhk+TnPN+uujhVVUWVqoG+ZWKTst2dVHWjBdJ0jri+5kUi4aeUIz/bJbFH3LV8k5/0KR5hf3wHpZSiNlxqA6Ec/tWbg=
b+9MEdcXHuxXy52NGs1spANb46QZaifRtohk71ngC6zpqABhtaQmNk+JVlsOUY/nv2IYGixu1Xs9jp3bAZ3RItx1o3trhkjdntadxFmT
BfN/VlL8PRJuy+3FHsiKbXSfsbOi6cc9dtXJJ6lkTmaJVhk+TnPN+uujhVVUWVqoG+ZWKTst2dVHWjBdJ0jri+5kUi4aeUIz/bJbFH3LVsk5/0KR5hf3wHpZSiNlxqA6Ec/tWbg=
fS5n2BZfGjyvH97Ms8tP9X8SifhTTw4iiIn5Qq9CgXK8N0XW8ogXQxqdzhNLqXdYROx8vOEiweSw/WF/tQz0b19tW7RcI4bckcJZkQ==
Kw0xkU40WEW+AGdciFNqZ159rviPHvpp1xXNBfMyrP1bYP/72rw+rvYhdsPpmqe04SPjni3GLlFKb2MQDnFWQ1kuNIrll8FZlA==
GxTJdWCDhSvFAYE36kbG9jafnKIMG/H1zg0kDmmAjeFuiWZuK4LkPROwx9syzCau7tEe49HKb/Qpk7p+RVaW0bL/y7BWgR6DkX7M6s2n2VmM
cUgcmF46huLyGMNVo5Ul1F59rviPHvpp1xXNBfMyrP1bYP/72rw+rvYhdsPpmqe04SPnni3GLlFKb2MQDnFWQ1kuNIrll8FZlA==
zfT7MkUGTLUE8IiJ39lZPjafnKIMG/H1zg0kDmmAjeFuiWZuK4LkPROwx9syzCau7tEe49HKb/Qpk7x+RVaW0bL/y7BWgR6DkX7M6s2n2VmM
yThjjCJRCcyXTZhxHoK7qPrzzHBGne/5F1gG67nRJL44EXnaH9rhqgxvhY7CUHdbKoXOC3uxF4B0tLzkUfWjfABl4ecFlJS37zWb7Gz75sSh2lmJ
YNqPXr8y51v2rJYmJZRI7159rviPHvpp1xXNBfMyrP1bYP/72rw+rvYhdsPpmqe04SPhmC3GLlFKb2MQDnFWQ1kuNIrll8FZlA==
JB315yU/QGFwWWC8r5opM2ID3LQICRdmz5fwRLMBinK8N0XW8ogXQxqdzhNLqXdYROx8vOEkxeSw/WF/tQz0b19tW7RcI4bckcJZkQ==
TW15uNe0NlsfXZFA3CBsWvctPS4bZ3pDJ5oQXceIiwtOJLIuernisx3yOxRdi75NWT1ikQZXV0DaGaojRQYAuvGPzVmY
sUpXZCLA226nODmKxiMlOjafnKIMG/H1zg0kDmmAjeFuiWZuK4LkPROwx9syzCau7tEe49HKb/Qpk7J9RVWW0bL/y7BWgR6DkX7M6s2n2VmM
x/9MZu/5hvP00YUDYd2TRXWfsbOi6cc9dtXJJ6lkTmaJVhk+TnPN+uujhVVUWVqoG+ZWKTst2dVHWjBdJ0jri+5kUi4aeUIz/bJbFH3LXs05/UKR5hf3wHpZSiNlxqA6Ec/tWbg=
ThcrfrbVg7PXEheSFRSRhNamLx0qg5aofR4egem5bCLvxkYpK03pFfc6gN23KDtLvkSiLmpZknOtUsuUzSvnjgkdUpH2N4eAivk6o/Vm8PrBr91ZiA==
FP8SMHHWHBvyY/sEPWVAfdPSw6jBZnjp7IVkrWD2rYLeCGMF3FoPHBBq3srZiZXhJXFIMuveGmn31W2FE/LM/bsgX3t6/N6uluHWQ0lax7QBY4IfjYUOUSovg5CusXZDee5UCgXX4Vm0
5L9bkAX6ePppWDvmfpuXCOVamc91CioDny48KShNON1MLkmi+nBPFSBSCxwUYiLa9fGxwcGpZEK3Ft6ps50xNf8qaJ3fmLPrxnRaLhJpatMl4iNUpTvqr1FNyhFuZ19ggukSY10WeBp53+VZsA==
+baO8jQeIJrPGcZGUpj+0gNb46QZaifRtohk71ngC6zpqABhtaQmNk+JVlsOUY/nv2IYGixu1X07jp/bAZ3RItx1o3trhkjdntadxFmT
cUenJxentABfMDNUEf4yqHSfsbOi6cc9dtXJJ6lkTmaJVhk+TnPN+uujhVVUWVqoG+ZWKTst2dVHWjBdJ0jri+5kUi4aeUIz/bJbFH3LUM85/UKR5hf3wHpZSiNlxqA6Ec/tWbg=
JYlgdGsgJa2bUWwzhJS7MF9cu0BwAn+f0HznjX5p6vk/hXIG6kGsg9FvEEpc16TvlrKriBkKZzE26CQPWYDLTGnIwIG1hOaWzymWew5xT0c/wtg6LI4VH7xuX7sBfZFCXJXjG2umCH0edt3kWbM=
lG5htATyGc4zaalCcR6MGV9cu0BwAn+f0HznjX5p6vk/hXIG6kGsg9FvEEpc16TvlrKriBkKZzE26CQPWYDLTGnIwIG1hOaWzymWew5xT0c/wtg6LI4VHbxuX7sBfZFCXJXjG2umCH0edt3kWbM=
SN1EsG+P/bskAZ6lnd8oJ9amLx0qg5aofR4egem5bCLvxkYpK03pFfc6gN23KDtLvkSiLmpZknOtUsuUzSvviAkdUpH2N4eAivk6o/Vm8PrBr91ZiA==
EfZ7Mv/6cxsVJD0xUDxp7PctPS4bZ3pDJ5oQXceIiwtMJLIuernisx3yOxRdi7JMWTxikQZXV0DaGaojRQYAuvGPzVmY
WA0Pl4s/t+9kGXSubH7mHTafnKIMG/H1zg0kDmmAjeFuiWZuK4LkPROwx9swzCau7tEe49HKb/Qpk758RVSW0bL/y7BWgR6DkX7M6s2n2VmM
ciH40JI67C96LWEsMVPqMHWfsbOi6cc9dtXJJ6lkTmaJVhk+TnPN+uujhVVUWVqoG+ZWKTst2dVHWjBdJ0jri+xkUi4aeUIz/bJbFH3LUsw5/EKR5hf3wHpZSiNlxqA6Ec/tWbg=
OYAuqPsP3ghVqUzaBJ6G4damLx0qg5aofR4egem5bCLvxkYpK03pFfc6gN23KDtLvESiLmpZknOtUsuUzSvgjAkcUpH2N4eAivk6o/Vm8PrBr91ZiA==
wLF3xBaPAQN+M/3+v4a9X9PSw6jBZnjp7IVkrWTrs4HCFmIF3FoPHBBq3srZiZXhJXFIMuveGmn31W2FE/LM/bsgX3t4/N6uluHWQ0lax7QBY4UdjYQOUSovg5CusXZDee5UCgXX4Vm0
W6k1KVGQXq6UhEAVPto4JOVamc91CioDny48KShNON1IM1eh5m5OFSBSCxwUYiLa9fGxwcGpZEK3Ft6ps50xNf8qaJ3fmLPrxHRaLhJpatMl4iNUpTvrrlFMyhFuZ19ggukSY10WeBp53+VZsA==
RKB+rVLA+a+603h5KOL3QwNb46QZaifRtohk71ngC6zpqABhtaQmNk+LVlsOUY/nv2IYGixu1Xw6jp7bAZ3RItx1o3trhkjdntadxFmT
THQSbnng5ETTObHSDWTB6HSfsbOi6cc9dtXJJ6lkTmaJVhk+TnPN+uujhVVUWVqoG+ZWKTst2dVHWjBdJ0jri+xkUi4aeUIz/bJbFH3LUc45/EKR5hf3wHpZSiNlxqA6Ec/tWbg=
lo2Nfg5OhUa7AcG2uYnIhS0QrzrTEkUMChuPagPtTortvVLGgZye9lByVxUbkYvtpoqFQrSJWYkDPf0uYo31/JHDNqAQbli9mHuHhonEL79rJ+PYILEEM+2oQK1YM3fyWjILy+9Zug==
nbFGJf2AW6MDLnDP49ftqUpkJH2bwH6ZnVKJ9N5L+0LfDXLi+Y2m3o2cku6kQkN9J3FXxdLaUbp4yRUx1+1JRj4tCVQFs4I4nO7UJSyLEy71ZPNX0He3YOxxSEu5eLSFBFNLGk4Cf9PjWbY=
CxIqlhRFaXP/I5EugFnf6NamLx0qg5aofR4egem5bCLvxkYpK03pFfc6gN23KDtLvESiLmpZknOtUsuUzSvliAkcUpH2N4eAivk6o/Vm8PrBr91ZiA==
cpwy9zWbU9i+duwwo+BicH8SifhTTw4iiIn5Qq9CgXK8N0XW8ogXQRqdzhNLqXdYROx8vOEmwOS1/WF/tQz0b19tW7RcI4bckcJZkQ==
tWTfCB5y6QpWCfJkdwGb5zM1IiFf7cOsN2guzYyeLH9cJJR32Xh7BEnA0Nn1XHYer+NmQw5Jv49fSkjibNYFF5gm6UOBBSGKfJ3zw6v+mPX+Pq3cWYs=
buGWPny8WpB12eO+rvgy0lYz56MOHPtAkqTBtPXuzV4zE2/3prGsYzciBR7gXTkuN8bxrnRDZdqKrMc9sglOv5PtR0RM2JzwWcBSWF2pIZOtCAQzF5n7OKSH1iC51lm9
9SHsPw6HJylH+oUExWJ0bk4rfkWsy9XFwKwpVEWM1rmAazik5TMI5MSM4deVjpDnohN8PFgUJGEH8R3yPAnR+ZudFf7aza3MeSMOsBhuUK2gG++2UQSX7w2Aey+oMYyDdUjo/SBzrwJyEnPb51my
Ci3wvgUu8PkD1fWwGkmv6t7PQRYz/SBvHn6F1nfom2xGBRAXuwZnwZZZWvR/awsODls8a+KAxuS63ZmJg06i6Q9FxeVLQgQ9c3AnW1AMxq6Okf5jsYqP9EnTX/wlEnbRkr9rMPbBPoOxPmxqbef5Waw=
0u0BI/d6D+RgC/7Cgay2AUTUr4cGISzT13JF7sBNOR5XFjHe1NPlamr8h82SGU6P8z2HNOxIHEC5lhCofLkho83YxEO3CXuIRNeW0JnGWY0=
PJLBS8/662vT3IZK/hBhmV59rviPHvpp1xXNBfMyrP1bYP/72Lw+rvYhdsPpmqe04SPrnC3CLlFKb2MQDnFWQ1kuNIrll8FZlA==
nwrDuj6h3KNAXRwDoMFRaXPq0lSquT8Wcpzvnzx2PmG1kZhyuz4Kaef1vcVDUlx9y4CvOwrcLq7mwSaDOfo3NJHDUN/doh5ROk9TUP7R5sPJjuTKNbfRWYQ=
aCTuAcVfmUZfZgz594gYFhbSBF88/aMyZdqrvNX1Q8+TjZ31WiM4dOT0uOmDYbkK8EmdwX+NEfbG7VEEPVOoKJTu3DUE6yv+LSSL5wSRHxZk8cD70dhsdbwTE8q2IhfD61m+
B93+2JEYogL4c+R1eVJeqeZtKCBtjxbcl8Lcxrw+RFSspc27Uc9E3RVBn5ewOClKTs2d+aetyo+8gQNkXbQc05lccxAZlHhdVRheCr+1LueO7ffbT15gpsxSrUXJMuNnwaGpHizJ28eLujBhbmrl+Fmv
/sHLVK3zyktCB1vYBLYzJd7PQRYz/SBvHn6F1nfom2xGBRATphhk3YhYWvR/awsODls8a+KAxuS63ZmJg06i6Q9FxeVLQgQ9c3AnW1IMxq6Okf5jsYqP9EnTUv4lEXbRkr9rMPbBPoOxPmxqbef5Waw=
9GXAUg6suhduG2CJItD/VkTUr4cGISzT13JF7sBNOR5XFjHe1NPlamr8h8+SGU6P8z2HNOxIHEC5mROof7kho83YxEO3CXuIRNeW0JnGWY0=
7rZnKtMqm6LkJN+/nAA5EV59rviPHvpp1xXNBfMyrP1bYP/72rw+rvYhdsPpmqe04SPjmC3BLlFKb2MQDnFWQ1kuNIrll8FZlA==
fzkJhLfx8o/+TDU3BHYKXvJbXUiUgq2PCg24nrDLw/dVsGMCEW1+mxx17HLsfa0vyYU6LIow3REW+jOXvOqStYDVwz0SzVy7ONPAE11ikDhorVThp8pNd+WrfoC0VBsBjcOLRRSKKKf3od64hs3hST/Sn2aS8lrKs63CePb5I+cIGogBZR9vStC/o0iO1TB712K00elY3qIPgtOl7yFeCuFgAPmpLVT5ARpD0BPSgWa/4hiaLO7V+zoOmlsBHdGi3PWj+2sGSF2eVp1EWRM=
FoQfeP8fdJnHHZ0ZAHBVCn2/lMyWppwFDuwIZG4nfNW1rn66wt3ct3RkN5QAKySUmX3AzvjO0Yd59Wda03Dc0zl8UcKqG0F6St2Dl1OgGc1ophGYOOAWQf+bgmR388Z2dJTLt5OgGUf7k0XNV9UPRtN74tMBKSC/8llqaYr6bFCIMcDQ1t264osOGi7z+odCZoAxNS8Aqr7faohCbDbF8xrGKuOBpWHq/P2zo6te2NV+Hm08WWs=
aUQrBtSUZbZW3WsST849Yj6mhbVP5YyNHDzxKQP556DNMohmHBCFUTu4ttbnBcROSXhLWzzthJHFe92+MFXV75V6bpsxDhzFWAudy56U/z+/GAV8WsuKlBt//sR1eJ3VgKO14yzfsmMiLwg9dQ8CLJTB7GpEpujcNmKXzvMk2L5HRmggaQ+PnKFrBxXR2hnfUs+lAGWru979pHsHsNYPdBTxcFvBGJxVjJNDqiZiJ2M7WW4=
SDYXC4+w/JVShyDTv4hLG5uG7aCPMEfNZbOYpzIJ1l0kfClZ+5lPEEWyAJZ0sD3h4/hOhj8l7F5BeENLFM1cwT07BQ6I9b0fHfrmK5lu5LWAS6UbxnSXL7cYDWyyq1LEI7+mNA2YNWUIIz2TxH8K03rvcO0tLyo8nMHkemyGsAxOos9+S4Qwzs/G4JDB7/ds+as/RQm68c9az60QDUvjDsXko3dItqfEnHH4q6m4JOVU07v6/kIPczNZZg==
Z0q3ly6IX/6cP3bv0vyHZxYxLDJed8vSRCFqd+ckfNymkRJMH3Utwal8o9Lm+pKoK83VyHiKKT3qUkd4RUcS1UrNCwszIp7tW3P7mgBHfzYymbZ7k9eQrNHj8dhLoPRzBAiVDxCY28DTCe5D2/8i55x/zF/GYbu3rLAaQWL26h4mgPgSedLdHNaiKaYG/Ce3IcBPG4mJX2K3AxwP69xLk7XC89SVW57uQah6ER7HT6AyyWLjjfboWgl/NVlg
OJVE78HP/YC3/uomsNI35iIsZH/QdZ+xecHKDKfFdSHBjCtSbko6CPO9LYig2hEdwkJPeE1XOvVyndNLy1JGTfPDcxqItxfWaikOO0uHaMw58/nYQ7Cck3zYzc+oKAOgO3lmw1NPikfEj7SfnrGDl4SgEkFq5sI+HlCg0gEihbx+EqEmjozP1/lw99vRWSeC3xMUD+PMo/NNkiuULevGDilY8pGWd+cA6rmao1Wm0Hohbz1ZaA==
PZJ+KtwgLyLSWNRHmFukLza2nsvGspkeF/pbI3Q8a8C1rn66wt3ct3RkN5QAKySUmX3AzvjO0Yd59Wda03Dc0zl8UcKqG0F6St2Dl1OgGc1ophGYOOAWQf+bgmR388Z2dJTLt5OgGUf7k0XNV9UPRtN74tMBKSC/8llqaYr6bFCIMcDQ1t264osOGi7z+odCZoAxNS8Aqr7faohCbDbF8xrGKuOBpWHq/P2zo6te2NV+Hm08WWs=
gJwjRZwAw8utxc+0DU1wjCIseXPWZ4S4ScHKDKfFdSHBjCtSbko6CPO9LYig2hEdwkJPeE1XOvVyndNLy1JGTfPDcxqItxfWaikOO0uHaMw58/nYQ7Cck3zYzc+oKAOgO3lmw1NPikfEj7SfnrGDl4SgEkFq5sI+HlCg0gEihbx+EqEmjozP1/lw99vRWSeC3xMUD+PMo/NNkiuULevGDilY8pGWd+cA6rmao1Wm0Hohbz1ZaA==
9XjOmvY2t5PED21fIYyg0aRA8W/8fpAlC6OOZ6A1ATOqlGjFwBzNIQfpg1iB8sTeuIAB2cfYap4jNeBWRXhHQxjdQNkZGyE2tMVxV9m6ImNVHhjNZCtBg1rkG6czmInkPjvOXEdfwsxxaHmtTON5W4hPNutez1T1MT8mNJjB4HJglqwUaoLrRne0fAaLBqRYjR+LlJ1LW92VKn1H3k8pmIHbf5YhhEcPtMZrjFgxPONliBjdcPOf4uJSA3s3WWI=
21zs3SD9MjM/p4dqGQSUiKgXN2iXqqfiXuX3R81pdqx7rYFxFTRnkiKybtjHlfHoXLIFLfZaQ3hBTw7FZvUvKxd6cp2nOz/axA/Dhp5B0pv3L/w8TWt1WM8oaOPocHFv9MB3cG/BqoOfN14X8Kfof+JZl6ewuB5BZv72Dgq43DJdCrHsqmptZkI0mweNmKt7bfGz8iuLmI9vVNcD2TqXNPGDMl794L5R2o+z0N6RRsOpzsRKFXcxWWQ=
fzcZXSkPuRU3wwJh+WYxXakeKn+Rqe7wDuvrTcgoQuJ3t4lkFTRnkiKybtjHlfHoXLIFLfZaQ3hBTw7FZvUvKxd6cp2nOz/axA/Dhp5B0pv3L/w8TWt1WM8oaOPocHFv9MB3cG/BqoOfN14X8Kfof+JZl6ewuB5BZv72Dgq43DJdCrHsqmptZkI0mweNmKt7bfGz8iuLmI9vVNcD2TqXNPGDMl794L5R2o+z0N6RRsOpzsRKFXcxWWQ=
ahkSZc4QHAVvCbCYBXutIUZbeYgQV9vKOTavRUNzg8MR2/+WoYTHDzTG64zYMbzj5YiY3fDzH+JiUoN7t1ni
5OnrAXV5+nm21u6sU1B4zFeX1X9hi81T5ufTYrTktwjkXPwMQfWCNNYNYY/V3LS//93bBPxzRoxxslnh
abbnZmInLI3hyWbTJYzGfhGk/2LKYIdExGG2KHOj4Csj40cWH0CZy5866FLsJmWjWnYKU4EVQVo8LROzK044Bb7ujcxZmw==
